{"/home/travis/build/npmtest/node-npmtest-node-wa/test.js":{"path":"/home/travis/build/npmtest/node-npmtest-node-wa/test.js","s":{"1":2,"2":2,"3":2,"4":2,"5":2,"6":2,"7":2,"8":1,"9":2,"10":2,"11":1,"12":1,"13":1,"14":1,"15":2,"16":2,"17":2,"18":2,"19":1,"20":1,"21":2,"22":2,"23":2,"24":1,"25":1,"26":1,"27":1,"28":1,"29":1,"30":1,"31":1,"32":1,"33":1,"34":1,"35":1,"36":1,"37":1,"38":1,"39":2,"40":2,"41":1,"42":2,"43":2,"44":1,"45":2,"46":2,"47":1,"48":2,"49":2,"50":1,"51":1,"52":1,"53":1,"54":1},"b":{"1":[2,1,1,1],"2":[1,1,1,1],"3":[1,1],"4":[1,1],"5":[1,1],"6":[1,1],"7":[1,1],"8":[1,1],"9":[1,1],"10":[1,1,1],"11":[1,1],"12":[1,1],"13":[1,1],"14":[1,1],"15":[1,1],"16":[1,1],"17":[1,1]},"f":{"1":2,"2":2,"3":2,"4":2,"5":2,"6":1,"7":1,"8":1,"9":2,"10":2,"11":2,"12":2,"13":1},"fnMap":{"1":{"name":"(anonymous_1)","line":12,"loc":{"start":{"line":12,"column":1},"end":{"line":12,"column":13}}},"2":{"name":"(anonymous_2)","line":19,"loc":{"start":{"line":19,"column":5},"end":{"line":19,"column":17}}},"3":{"name":"(anonymous_3)","line":23,"loc":{"start":{"line":23,"column":24},"end":{"line":23,"column":36}}},"4":{"name":"(anonymous_4)","line":61,"loc":{"start":{"line":61,"column":5},"end":{"line":61,"column":17}}},"5":{"name":"(anonymous_5)","line":82,"loc":{"start":{"line":82,"column":5},"end":{"line":82,"column":17}}},"6":{"name":"(anonymous_6)","line":91,"loc":{"start":{"line":91,"column":77},"end":{"line":94,"column":10}}},"7":{"name":"(anonymous_7)","line":112,"loc":{"start":{"line":112,"column":83},"end":{"line":115,"column":10}},"skip":true},"8":{"name":"(anonymous_8)","line":123,"loc":{"start":{"line":123,"column":77},"end":{"line":126,"column":10}},"skip":true},"9":{"name":"(anonymous_9)","line":139,"loc":{"start":{"line":139,"column":12},"end":{"line":139,"column":40}},"skip":true},"10":{"name":"(anonymous_10)","line":147,"loc":{"start":{"line":147,"column":77},"end":{"line":150,"column":10}},"skip":true},"11":{"name":"(anonymous_11)","line":158,"loc":{"start":{"line":158,"column":83},"end":{"line":161,"column":10}},"skip":true},"12":{"name":"(anonymous_12)","line":169,"loc":{"start":{"line":169,"column":79},"end":{"line":172,"column":10}},"skip":true},"13":{"name":"(anonymous_13)","line":180,"loc":{"start":{"line":180,"column":75},"end":{"line":183,"column":10}},"skip":true}},"statementMap":{"1":{"start":{"line":12,"column":0},"end":{"line":195,"column":5}},"2":{"start":{"line":14,"column":4},"end":{"line":14,"column":14}},"3":{"start":{"line":19,"column":4},"end":{"line":56,"column":9}},"4":{"start":{"line":21,"column":8},"end":{"line":21,"column":19}},"5":{"start":{"line":23,"column":8},"end":{"line":35,"column":13}},"6":{"start":{"line":24,"column":12},"end":{"line":34,"column":13}},"7":{"start":{"line":25,"column":16},"end":{"line":28,"column":30}},"8":{"start":{"line":30,"column":16},"end":{"line":33,"column":27}},"9":{"start":{"line":37,"column":8},"end":{"line":39,"column":21}},"10":{"start":{"line":40,"column":8},"end":{"line":53,"column":9}},"11":{"start":{"line":43,"column":12},"end":{"line":46,"column":14}},"12":{"start":{"line":47,"column":12},"end":{"line":47,"column":18}},"13":{"start":{"line":50,"column":12},"end":{"line":51,"column":46}},"14":{"start":{"line":52,"column":12},"end":{"line":52,"column":18}},"15":{"start":{"line":55,"column":8},"end":{"line":55,"column":35}},"16":{"start":{"line":61,"column":4},"end":{"line":63,"column":9}},"17":{"start":{"line":62,"column":8},"end":{"line":62,"column":15}},"18":{"start":{"line":64,"column":4},"end":{"line":77,"column":5}},"19":{"start":{"line":70,"column":8},"end":{"line":70,"column":14}},"20":{"start":{"line":76,"column":8},"end":{"line":76,"column":14}},"21":{"start":{"line":82,"column":4},"end":{"line":84,"column":9}},"22":{"start":{"line":83,"column":8},"end":{"line":83,"column":15}},"23":{"start":{"line":85,"column":4},"end":{"line":194,"column":5}},"24":{"start":{"line":91,"column":8},"end":{"line":99,"column":10}},"25":{"start":{"line":98,"column":12},"end":{"line":98,"column":35}},"26":{"start":{"line":102,"column":8},"end":{"line":104,"column":63}},"27":{"start":{"line":105,"column":8},"end":{"line":105,"column":14}},"28":{"start":{"line":112,"column":8},"end":{"line":121,"column":10},"skip":true},"29":{"start":{"line":119,"column":12},"end":{"line":119,"column":55},"skip":true},"30":{"start":{"line":120,"column":12},"end":{"line":120,"column":48},"skip":true},"31":{"start":{"line":123,"column":8},"end":{"line":136,"column":10},"skip":true},"32":{"start":{"line":130,"column":12},"end":{"line":130,"column":76},"skip":true},"33":{"start":{"line":131,"column":12},"end":{"line":131,"column":73},"skip":true},"34":{"start":{"line":132,"column":12},"end":{"line":132,"column":74},"skip":true},"35":{"start":{"line":133,"column":12},"end":{"line":133,"column":79},"skip":true},"36":{"start":{"line":134,"column":12},"end":{"line":134,"column":25},"skip":true},"37":{"start":{"line":135,"column":12},"end":{"line":135,"column":45},"skip":true},"38":{"start":{"line":138,"column":8},"end":{"line":145,"column":14},"skip":true},"39":{"start":{"line":143,"column":16},"end":{"line":143,"column":29},"skip":true},"40":{"start":{"line":144,"column":16},"end":{"line":144,"column":55},"skip":true},"41":{"start":{"line":147,"column":8},"end":{"line":156,"column":10},"skip":true},"42":{"start":{"line":154,"column":12},"end":{"line":154,"column":25},"skip":true},"43":{"start":{"line":155,"column":12},"end":{"line":155,"column":45},"skip":true},"44":{"start":{"line":158,"column":8},"end":{"line":167,"column":10},"skip":true},"45":{"start":{"line":165,"column":12},"end":{"line":165,"column":25},"skip":true},"46":{"start":{"line":166,"column":12},"end":{"line":166,"column":48},"skip":true},"47":{"start":{"line":169,"column":8},"end":{"line":178,"column":10},"skip":true},"48":{"start":{"line":176,"column":12},"end":{"line":176,"column":25},"skip":true},"49":{"start":{"line":177,"column":12},"end":{"line":177,"column":46},"skip":true},"50":{"start":{"line":180,"column":8},"end":{"line":189,"column":10},"skip":true},"51":{"start":{"line":187,"column":12},"end":{"line":187,"column":94},"skip":true},"52":{"start":{"line":188,"column":12},"end":{"line":188,"column":48},"skip":true},"53":{"start":{"line":192,"column":8},"end":{"line":192,"column":35},"skip":true},"54":{"start":{"line":193,"column":8},"end":{"line":193,"column":14},"skip":true}},"branchMap":{"1":{"line":25,"type":"binary-expr","locations":[{"start":{"line":25,"column":23},"end":{"line":25,"column":62}},{"start":{"line":26,"column":20},"end":{"line":26,"column":70}},{"start":{"line":27,"column":20},"end":{"line":27,"column":71}},{"start":{"line":28,"column":20},"end":{"line":28,"column":29}}]},"2":{"line":30,"type":"binary-expr","locations":[{"start":{"line":30,"column":23},"end":{"line":30,"column":37}},{"start":{"line":31,"column":20},"end":{"line":31,"column":61}},{"start":{"line":32,"column":20},"end":{"line":32,"column":70}},{"start":{"line":33,"column":20},"end":{"line":33,"column":26}}]},"3":{"line":37,"type":"cond-expr","locations":[{"start":{"line":38,"column":14},"end":{"line":38,"column":20}},{"start":{"line":39,"column":14},"end":{"line":39,"column":20}}]},"4":{"line":40,"type":"switch","locations":[{"start":{"line":42,"column":8},"end":{"line":47,"column":18}},{"start":{"line":49,"column":8},"end":{"line":52,"column":18}}]},"5":{"line":44,"type":"binary-expr","locations":[{"start":{"line":44,"column":16},"end":{"line":44,"column":44}},{"start":{"line":44,"column":48},"end":{"line":44,"column":66}}]},"6":{"line":50,"type":"binary-expr","locations":[{"start":{"line":50,"column":21},"end":{"line":50,"column":49}},{"start":{"line":50,"column":53},"end":{"line":50,"column":72}}]},"7":{"line":64,"type":"switch","locations":[{"start":{"line":69,"column":4},"end":{"line":70,"column":14}},{"start":{"line":75,"column":4},"end":{"line":76,"column":14}}]},"8":{"line":85,"type":"switch","locations":[{"start":{"line":90,"column":4},"end":{"line":105,"column":14}},{"start":{"line":111,"column":4},"end":{"line":193,"column":14},"skip":true}]},"9":{"line":91,"type":"binary-expr","locations":[{"start":{"line":91,"column":42},"end":{"line":91,"column":73}},{"start":{"line":91,"column":77},"end":{"line":99,"column":9}}]},"10":{"line":102,"type":"binary-expr","locations":[{"start":{"line":102,"column":18},"end":{"line":102,"column":32}},{"start":{"line":103,"column":12},"end":{"line":103,"column":53}},{"start":{"line":104,"column":12},"end":{"line":104,"column":61}}]},"11":{"line":112,"type":"binary-expr","locations":[{"start":{"line":112,"column":45},"end":{"line":112,"column":79},"skip":true},{"start":{"line":112,"column":83},"end":{"line":121,"column":9},"skip":true}]},"12":{"line":123,"type":"binary-expr","locations":[{"start":{"line":123,"column":42},"end":{"line":123,"column":73},"skip":true},{"start":{"line":123,"column":77},"end":{"line":136,"column":9},"skip":true}]},"13":{"line":138,"type":"binary-expr","locations":[{"start":{"line":138,"column":48},"end":{"line":138,"column":85},"skip":true},{"start":{"line":139,"column":12},"end":{"line":145,"column":13},"skip":true}]},"14":{"line":147,"type":"binary-expr","locations":[{"start":{"line":147,"column":42},"end":{"line":147,"column":73},"skip":true},{"start":{"line":147,"column":77},"end":{"line":156,"column":9},"skip":true}]},"15":{"line":158,"type":"binary-expr","locations":[{"start":{"line":158,"column":45},"end":{"line":158,"column":79},"skip":true},{"start":{"line":158,"column":83},"end":{"line":167,"column":9},"skip":true}]},"16":{"line":169,"type":"binary-expr","locations":[{"start":{"line":169,"column":43},"end":{"line":169,"column":75},"skip":true},{"start":{"line":169,"column":79},"end":{"line":178,"column":9},"skip":true}]},"17":{"line":180,"type":"binary-expr","locations":[{"start":{"line":180,"column":41},"end":{"line":180,"column":71},"skip":true},{"start":{"line":180,"column":75},"end":{"line":189,"column":9},"skip":true}]}},"code":["/* istanbul instrument in package npmtest_node_wa */","/*jslint","    bitwise: true,","    browser: true,","    maxerr: 8,","    maxlen: 96,","    node: true,","    nomen: true,","    regexp: true,","    stupid: true","*/","(function () {","    'use strict';","    var local;","","","","    // run shared js-env code - pre-init","    (function () {","        // init local","        local = {};","        // init modeJs","        local.modeJs = (function () {","            try {","                return typeof navigator.userAgent === 'string' &&","                    typeof document.querySelector('body') === 'object' &&","                    typeof XMLHttpRequest.prototype.open === 'function' &&","                    'browser';","            } catch (errorCaughtBrowser) {","                return module.exports &&","                    typeof process.versions.node === 'string' &&","                    typeof require('http').createServer === 'function' &&","                    'node';","            }","        }());","        // init global","        local.global = local.modeJs === 'browser'","            ? window","            : global;","        switch (local.modeJs) {","        // re-init local from window.local","        case 'browser':","            local = local.global.utility2.objectSetDefault(","                local.global.utility2_rollup || local.global.local,","                local.global.utility2","            );","            break;","        // re-init local from example.js","        case 'node':","            local = (local.global.utility2_rollup || require('utility2'))","                .requireExampleJsFromReadme();","            break;","        }","        // export local","        local.global.local = local;","    }());","","","","    // run shared js-env code - function","    (function () {","        return;","    }());","    switch (local.modeJs) {","","","","    // run browser js-env code - function","    case 'browser':","        break;","","","","    // run node js-env code - function","    case 'node':","        break;","    }","","","","    // run shared js-env code - post-init","    (function () {","        return;","    }());","    switch (local.modeJs) {","","","","    // run browser js-env code - post-init","    case 'browser':","        local.testCase_browser_nullCase = local.testCase_browser_nullCase || function (","            options,","            onError","        ) {","        /*","         * this function will test browsers's null-case handling-behavior-behavior","         */","            onError(null, options);","        };","","        // run tests","        local.nop(local.modeTest &&","            document.querySelector('#testRunButton1') &&","            document.querySelector('#testRunButton1').click());","        break;","","","","    // run node js-env code - post-init","    /* istanbul ignore next */","    case 'node':","        local.testCase_buildApidoc_default = local.testCase_buildApidoc_default || function (","            options,","            onError","        ) {","        /*","         * this function will test buildApidoc's default handling-behavior-behavior","         */","            options = { modulePathList: module.paths };","            local.buildApidoc(options, onError);","        };","","        local.testCase_buildApp_default = local.testCase_buildApp_default || function (","            options,","            onError","        ) {","        /*","         * this function will test buildApp's default handling-behavior-behavior","         */","            local.testCase_buildReadme_default(options, local.onErrorThrow);","            local.testCase_buildLib_default(options, local.onErrorThrow);","            local.testCase_buildTest_default(options, local.onErrorThrow);","            local.testCase_buildCustomOrg_default(options, local.onErrorThrow);","            options = [];","            local.buildApp(options, onError);","        };","","        local.testCase_buildCustomOrg_default = local.testCase_buildCustomOrg_default ||","            function (options, onError) {","            /*","             * this function will test buildCustomOrg's default handling-behavior","             */","                options = {};","                local.buildCustomOrg(options, onError);","            };","","        local.testCase_buildLib_default = local.testCase_buildLib_default || function (","            options,","            onError","        ) {","        /*","         * this function will test buildLib's default handling-behavior","         */","            options = {};","            local.buildLib(options, onError);","        };","","        local.testCase_buildReadme_default = local.testCase_buildReadme_default || function (","            options,","            onError","        ) {","        /*","         * this function will test buildReadme's default handling-behavior-behavior","         */","            options = {};","            local.buildReadme(options, onError);","        };","","        local.testCase_buildTest_default = local.testCase_buildTest_default || function (","            options,","            onError","        ) {","        /*","         * this function will test buildTest's default handling-behavior","         */","            options = {};","            local.buildTest(options, onError);","        };","","        local.testCase_webpage_default = local.testCase_webpage_default || function (","            options,","            onError","        ) {","        /*","         * this function will test webpage's default handling-behavior","         */","            options = { modeCoverageMerge: true, url: local.serverLocalHost + '?modeTest=1' };","            local.browserTest(options, onError);","        };","","        // run test-server","        local.testRunServer(local);","        break;","    }","}());",""],"l":{"12":2,"14":2,"19":2,"21":2,"23":2,"24":2,"25":2,"30":1,"37":2,"40":2,"43":1,"47":1,"50":1,"52":1,"55":2,"61":2,"62":2,"64":2,"70":1,"76":1,"82":2,"83":2,"85":2,"91":1,"98":1,"102":1,"105":1,"112":1,"119":1,"120":1,"123":1,"130":1,"131":1,"132":1,"133":1,"134":1,"135":1,"138":1,"143":2,"144":2,"147":1,"154":2,"155":2,"158":1,"165":2,"166":2,"169":1,"176":2,"177":2,"180":1,"187":1,"188":1,"192":1,"193":1}},"/home/travis/build/npmtest/node-npmtest-node-wa/lib.npmtest_node_wa.js":{"path":"/home/travis/build/npmtest/node-npmtest-node-wa/lib.npmtest_node_wa.js","s":{"1":2,"2":2,"3":2,"4":2,"5":2,"6":2,"7":2,"8":1,"9":2,"10":2,"11":2,"12":2,"13":1,"14":1,"15":1,"16":1},"b":{"1":[2,1,1,1],"2":[1,1,1,1],"3":[1,1],"4":[2,2],"5":[1,1]},"f":{"1":2,"2":2,"3":2},"fnMap":{"1":{"name":"(anonymous_1)","line":12,"loc":{"start":{"line":12,"column":1},"end":{"line":12,"column":13}}},"2":{"name":"(anonymous_2)","line":19,"loc":{"start":{"line":19,"column":5},"end":{"line":19,"column":17}}},"3":{"name":"(anonymous_3)","line":23,"loc":{"start":{"line":23,"column":24},"end":{"line":23,"column":36}}}},"statementMap":{"1":{"start":{"line":12,"column":0},"end":{"line":53,"column":5}},"2":{"start":{"line":14,"column":4},"end":{"line":14,"column":14}},"3":{"start":{"line":19,"column":4},"end":{"line":52,"column":9}},"4":{"start":{"line":21,"column":8},"end":{"line":21,"column":19}},"5":{"start":{"line":23,"column":8},"end":{"line":35,"column":13}},"6":{"start":{"line":24,"column":12},"end":{"line":34,"column":13}},"7":{"start":{"line":25,"column":16},"end":{"line":28,"column":30}},"8":{"start":{"line":30,"column":16},"end":{"line":33,"column":27}},"9":{"start":{"line":37,"column":8},"end":{"line":39,"column":21}},"10":{"start":{"line":41,"column":8},"end":{"line":41,"column":54}},"11":{"start":{"line":43,"column":8},"end":{"line":43,"column":52}},"12":{"start":{"line":45,"column":8},"end":{"line":51,"column":9}},"13":{"start":{"line":46,"column":12},"end":{"line":46,"column":58}},"14":{"start":{"line":48,"column":12},"end":{"line":48,"column":35}},"15":{"start":{"line":49,"column":12},"end":{"line":49,"column":49}},"16":{"start":{"line":50,"column":12},"end":{"line":50,"column":43}}},"branchMap":{"1":{"line":25,"type":"binary-expr","locations":[{"start":{"line":25,"column":23},"end":{"line":25,"column":62}},{"start":{"line":26,"column":20},"end":{"line":26,"column":70}},{"start":{"line":27,"column":20},"end":{"line":27,"column":71}},{"start":{"line":28,"column":20},"end":{"line":28,"column":29}}]},"2":{"line":30,"type":"binary-expr","locations":[{"start":{"line":30,"column":23},"end":{"line":30,"column":37}},{"start":{"line":31,"column":20},"end":{"line":31,"column":61}},{"start":{"line":32,"column":20},"end":{"line":32,"column":70}},{"start":{"line":33,"column":20},"end":{"line":33,"column":26}}]},"3":{"line":37,"type":"cond-expr","locations":[{"start":{"line":38,"column":14},"end":{"line":38,"column":20}},{"start":{"line":39,"column":14},"end":{"line":39,"column":20}}]},"4":{"line":41,"type":"binary-expr","locations":[{"start":{"line":41,"column":16},"end":{"line":41,"column":44}},{"start":{"line":41,"column":48},"end":{"line":41,"column":53}}]},"5":{"line":45,"type":"if","locations":[{"start":{"line":45,"column":8},"end":{"line":45,"column":8}},{"start":{"line":45,"column":8},"end":{"line":45,"column":8}}]}},"code":["/* istanbul instrument in package npmtest_node_wa */","/*jslint","    bitwise: true,","    browser: true,","    maxerr: 8,","    maxlen: 96,","    node: true,","    nomen: true,","    regexp: true,","    stupid: true","*/","(function () {","    'use strict';","    var local;","","","","    // run shared js-env code - pre-init","    (function () {","        // init local","        local = {};","        // init modeJs","        local.modeJs = (function () {","            try {","                return typeof navigator.userAgent === 'string' &&","                    typeof document.querySelector('body') === 'object' &&","                    typeof XMLHttpRequest.prototype.open === 'function' &&","                    'browser';","            } catch (errorCaughtBrowser) {","                return module.exports &&","                    typeof process.versions.node === 'string' &&","                    typeof require('http').createServer === 'function' &&","                    'node';","            }","        }());","        // init global","        local.global = local.modeJs === 'browser'","            ? window","            : global;","        // init utility2_rollup","        local = local.global.utility2_rollup || local;","        // init lib","        local.local = local.npmtest_node_wa = local;","        // init exports","        if (local.modeJs === 'browser') {","            local.global.utility2_npmtest_node_wa = local;","        } else {","            module.exports = local;","            module.exports.__dirname = __dirname;","            module.exports.module = module;","        }","    }());","}());",""],"l":{"12":2,"14":2,"19":2,"21":2,"23":2,"24":2,"25":2,"30":1,"37":2,"41":2,"43":2,"45":2,"46":1,"48":1,"49":1,"50":1}},"/home/travis/build/npmtest/node-npmtest-node-wa/example.js":{"path":"/home/travis/build/npmtest/node-npmtest-node-wa/example.js","s":{"1":2,"2":2,"3":2,"4":2,"5":2,"6":2,"7":2,"8":1,"9":2,"10":2,"11":2,"12":2,"13":1,"14":2,"15":2,"16":2,"17":2,"18":2,"19":0,"20":2,"21":1,"22":1,"23":1,"24":1,"25":1,"26":0,"27":0,"28":1,"29":1,"30":2,"31":0,"32":0,"33":0,"34":1,"35":2,"36":2,"37":3,"38":3,"39":3,"40":3,"41":0,"42":3,"43":3,"44":3,"45":1,"46":3,"47":1,"48":1,"49":1,"50":1,"51":1,"52":1,"53":1,"54":1,"55":1,"56":1,"57":0,"58":1,"59":6,"60":6,"61":1,"62":2,"63":0,"64":2,"65":1,"66":1,"67":0,"68":0,"69":0,"70":0,"71":0,"72":0,"73":0,"74":0,"75":0,"76":0,"77":0,"78":0,"79":0,"80":0,"81":0,"82":0,"83":0},"b":{"1":[2,1,1,1],"2":[1,1,1,1],"3":[1,1],"4":[2,2],"5":[1,1],"6":[1,1],"7":[2,0],"8":[2,1,1,1,1,1],"9":[0,2,0],"10":[1,1],"11":[2,1,1],"12":[1,0],"13":[0,2],"14":[2,0,0,0,0,0,0],"15":[0,3],"16":[3,0],"17":[1,1],"18":[0,1],"19":[1,2,0,2],"20":[1,0],"21":[1,1],"22":[0,0],"23":[0,0],"24":[0,0],"25":[0,0],"26":[0,0],"27":[0,0],"28":[0,0]},"f":{"1":2,"2":2,"3":2,"4":2,"5":2,"6":2,"7":3,"8":3,"9":3,"10":1,"11":6,"12":0},"fnMap":{"1":{"name":"(anonymous_1)","line":26,"loc":{"start":{"line":26,"column":1},"end":{"line":26,"column":13}}},"2":{"name":"(anonymous_2)","line":33,"loc":{"start":{"line":33,"column":5},"end":{"line":33,"column":17}}},"3":{"name":"(anonymous_3)","line":37,"loc":{"start":{"line":37,"column":24},"end":{"line":37,"column":36}}},"4":{"name":"(anonymous_4)","line":69,"loc":{"start":{"line":69,"column":31},"end":{"line":69,"column":48}},"skip":true},"5":{"name":"(anonymous_5)","line":78,"loc":{"start":{"line":78,"column":26},"end":{"line":78,"column":45}},"skip":true},"6":{"name":"(anonymous_6)","line":123,"loc":{"start":{"line":123,"column":33},"end":{"line":123,"column":48}},"skip":true},"7":{"name":"(anonymous_7)","line":125,"loc":{"start":{"line":125,"column":27},"end":{"line":125,"column":39}},"skip":true},"8":{"name":"(anonymous_8)","line":133,"loc":{"start":{"line":133,"column":59},"end":{"line":133,"column":74}},"skip":true},"9":{"name":"(anonymous_9)","line":143,"loc":{"start":{"line":143,"column":45},"end":{"line":143,"column":62}},"skip":true},"10":{"name":"(anonymous_10)","line":144,"loc":{"start":{"line":144,"column":73},"end":{"line":144,"column":92}},"skip":true},"11":{"name":"(anonymous_11)","line":272,"loc":{"start":{"line":272,"column":51},"end":{"line":272,"column":77}},"skip":true},"12":{"name":"(anonymous_12)","line":315,"loc":{"start":{"line":315,"column":32},"end":{"line":315,"column":61}},"skip":true}},"statementMap":{"1":{"start":{"line":26,"column":0},"end":{"line":326,"column":5}},"2":{"start":{"line":28,"column":4},"end":{"line":28,"column":14}},"3":{"start":{"line":33,"column":4},"end":{"line":60,"column":9}},"4":{"start":{"line":35,"column":8},"end":{"line":35,"column":19}},"5":{"start":{"line":37,"column":8},"end":{"line":49,"column":13}},"6":{"start":{"line":38,"column":12},"end":{"line":48,"column":13}},"7":{"start":{"line":39,"column":16},"end":{"line":42,"column":30}},"8":{"start":{"line":44,"column":16},"end":{"line":47,"column":27}},"9":{"start":{"line":51,"column":8},"end":{"line":53,"column":21}},"10":{"start":{"line":55,"column":8},"end":{"line":57,"column":45}},"11":{"start":{"line":59,"column":8},"end":{"line":59,"column":35}},"12":{"start":{"line":61,"column":4},"end":{"line":325,"column":5}},"13":{"start":{"line":69,"column":8},"end":{"line":121,"column":10},"skip":true},"14":{"start":{"line":70,"column":12},"end":{"line":88,"column":13},"skip":true},"15":{"start":{"line":76,"column":16},"end":{"line":87,"column":19},"skip":true},"16":{"start":{"line":79,"column":20},"end":{"line":86,"column":21},"skip":true},"17":{"start":{"line":82,"column":24},"end":{"line":82,"column":43},"skip":true},"18":{"start":{"line":83,"column":24},"end":{"line":83,"column":30},"skip":true},"19":{"start":{"line":85,"column":24},"end":{"line":85,"column":49},"skip":true},"20":{"start":{"line":89,"column":12},"end":{"line":107,"column":13},"skip":true},"21":{"start":{"line":92,"column":16},"end":{"line":102,"column":17},"skip":true},"22":{"start":{"line":93,"column":20},"end":{"line":93,"column":86},"skip":true},"23":{"start":{"line":94,"column":20},"end":{"line":95,"column":45},"skip":true},"24":{"start":{"line":96,"column":20},"end":{"line":96,"column":42},"skip":true},"25":{"start":{"line":97,"column":20},"end":{"line":97,"column":48},"skip":true},"26":{"start":{"line":100,"column":20},"end":{"line":100,"column":85},"skip":true},"27":{"start":{"line":101,"column":20},"end":{"line":101,"column":96},"skip":true},"28":{"start":{"line":103,"column":16},"end":{"line":103,"column":22},"skip":true},"29":{"start":{"line":106,"column":16},"end":{"line":106,"column":22},"skip":true},"30":{"start":{"line":108,"column":12},"end":{"line":120,"column":13},"skip":true},"31":{"start":{"line":114,"column":16},"end":{"line":119,"column":17},"skip":true},"32":{"start":{"line":116,"column":20},"end":{"line":116,"column":78},"skip":true},"33":{"start":{"line":118,"column":20},"end":{"line":118,"column":47},"skip":true},"34":{"start":{"line":123,"column":8},"end":{"line":141,"column":11},"skip":true},"35":{"start":{"line":124,"column":12},"end":{"line":124,"column":54},"skip":true},"36":{"start":{"line":125,"column":12},"end":{"line":140,"column":14},"skip":true},"37":{"start":{"line":126,"column":16},"end":{"line":126,"column":28},"skip":true},"38":{"start":{"line":127,"column":16},"end":{"line":127,"column":69},"skip":true},"39":{"start":{"line":128,"column":16},"end":{"line":128,"column":75},"skip":true},"40":{"start":{"line":129,"column":16},"end":{"line":131,"column":17},"skip":true},"41":{"start":{"line":130,"column":20},"end":{"line":130,"column":27},"skip":true},"42":{"start":{"line":133,"column":16},"end":{"line":137,"column":36},"skip":true},"43":{"start":{"line":134,"column":20},"end":{"line":136,"column":55},"skip":true},"44":{"start":{"line":139,"column":16},"end":{"line":139,"column":57},"skip":true},"45":{"start":{"line":143,"column":8},"end":{"line":147,"column":11},"skip":true},"46":{"start":{"line":144,"column":12},"end":{"line":146,"column":15},"skip":true},"47":{"start":{"line":145,"column":16},"end":{"line":145,"column":70},"skip":true},"48":{"start":{"line":149,"column":8},"end":{"line":149,"column":31},"skip":true},"49":{"start":{"line":150,"column":8},"end":{"line":150,"column":14},"skip":true},"50":{"start":{"line":158,"column":8},"end":{"line":158,"column":31},"skip":true},"51":{"start":{"line":160,"column":8},"end":{"line":160,"column":33},"skip":true},"52":{"start":{"line":161,"column":8},"end":{"line":161,"column":37},"skip":true},"53":{"start":{"line":162,"column":8},"end":{"line":162,"column":35},"skip":true},"54":{"start":{"line":164,"column":8},"end":{"line":164,"column":50},"skip":true},"55":{"start":{"line":166,"column":8},"end":{"line":256,"column":2},"skip":true},"56":{"start":{"line":258,"column":8},"end":{"line":286,"column":9},"skip":true},"57":{"start":{"line":259,"column":12},"end":{"line":269,"column":14},"skip":true},"58":{"start":{"line":271,"column":12},"end":{"line":285,"column":19},"skip":true},"59":{"start":{"line":274,"column":20},"end":{"line":274,"column":35},"skip":true},"60":{"start":{"line":275,"column":20},"end":{"line":284,"column":21},"skip":true},"61":{"start":{"line":277,"column":24},"end":{"line":277,"column":64},"skip":true},"62":{"start":{"line":279,"column":24},"end":{"line":279,"column":40},"skip":true},"63":{"start":{"line":281,"column":24},"end":{"line":281,"column":40},"skip":true},"64":{"start":{"line":283,"column":24},"end":{"line":283,"column":39},"skip":true},"65":{"start":{"line":288,"column":8},"end":{"line":290,"column":9},"skip":true},"66":{"start":{"line":289,"column":12},"end":{"line":289,"column":18},"skip":true},"67":{"start":{"line":291,"column":8},"end":{"line":293,"column":54},"skip":true},"68":{"start":{"line":296,"column":8},"end":{"line":301,"column":37},"skip":true},"69":{"start":{"line":303,"column":8},"end":{"line":303,"column":82},"skip":true},"70":{"start":{"line":306,"column":8},"end":{"line":308,"column":9},"skip":true},"71":{"start":{"line":307,"column":12},"end":{"line":307,"column":82},"skip":true},"72":{"start":{"line":310,"column":8},"end":{"line":312,"column":9},"skip":true},"73":{"start":{"line":311,"column":12},"end":{"line":311,"column":18},"skip":true},"74":{"start":{"line":313,"column":8},"end":{"line":313,"column":54},"skip":true},"75":{"start":{"line":314,"column":8},"end":{"line":314,"column":69},"skip":true},"76":{"start":{"line":315,"column":8},"end":{"line":323,"column":36},"skip":true},"77":{"start":{"line":316,"column":12},"end":{"line":316,"column":61},"skip":true},"78":{"start":{"line":317,"column":12},"end":{"line":320,"column":13},"skip":true},"79":{"start":{"line":318,"column":16},"end":{"line":318,"column":75},"skip":true},"80":{"start":{"line":319,"column":16},"end":{"line":319,"column":23},"skip":true},"81":{"start":{"line":321,"column":12},"end":{"line":321,"column":38},"skip":true},"82":{"start":{"line":322,"column":12},"end":{"line":322,"column":27},"skip":true},"83":{"start":{"line":324,"column":8},"end":{"line":324,"column":14},"skip":true}},"branchMap":{"1":{"line":39,"type":"binary-expr","locations":[{"start":{"line":39,"column":23},"end":{"line":39,"column":62}},{"start":{"line":40,"column":20},"end":{"line":40,"column":70}},{"start":{"line":41,"column":20},"end":{"line":41,"column":71}},{"start":{"line":42,"column":20},"end":{"line":42,"column":29}}]},"2":{"line":44,"type":"binary-expr","locations":[{"start":{"line":44,"column":23},"end":{"line":44,"column":37}},{"start":{"line":45,"column":20},"end":{"line":45,"column":61}},{"start":{"line":46,"column":20},"end":{"line":46,"column":70}},{"start":{"line":47,"column":20},"end":{"line":47,"column":26}}]},"3":{"line":51,"type":"cond-expr","locations":[{"start":{"line":52,"column":14},"end":{"line":52,"column":20}},{"start":{"line":53,"column":14},"end":{"line":53,"column":20}}]},"4":{"line":55,"type":"binary-expr","locations":[{"start":{"line":55,"column":16},"end":{"line":55,"column":44}},{"start":{"line":55,"column":49},"end":{"line":57,"column":43}}]},"5":{"line":55,"type":"cond-expr","locations":[{"start":{"line":56,"column":14},"end":{"line":56,"column":51}},{"start":{"line":57,"column":14},"end":{"line":57,"column":43}}]},"6":{"line":61,"type":"switch","locations":[{"start":{"line":68,"column":4},"end":{"line":150,"column":14},"skip":true},{"start":{"line":156,"column":4},"end":{"line":324,"column":14},"skip":true}]},"7":{"line":70,"type":"if","locations":[{"start":{"line":70,"column":12},"end":{"line":70,"column":12},"skip":true},{"start":{"line":70,"column":12},"end":{"line":70,"column":12},"skip":true}]},"8":{"line":70,"type":"binary-expr","locations":[{"start":{"line":70,"column":16},"end":{"line":70,"column":22},"skip":true},{"start":{"line":70,"column":27},"end":{"line":70,"column":32},"skip":true},{"start":{"line":71,"column":20},"end":{"line":71,"column":39},"skip":true},{"start":{"line":72,"column":20},"end":{"line":72,"column":49},"skip":true},{"start":{"line":73,"column":20},"end":{"line":73,"column":58},"skip":true},{"start":{"line":74,"column":20},"end":{"line":74,"column":69},"skip":true}]},"9":{"line":79,"type":"switch","locations":[{"start":{"line":80,"column":20},"end":{"line":80,"column":33},"skip":true},{"start":{"line":81,"column":20},"end":{"line":83,"column":30},"skip":true},{"start":{"line":84,"column":20},"end":{"line":85,"column":49},"skip":true}]},"10":{"line":89,"type":"switch","locations":[{"start":{"line":90,"column":12},"end":{"line":103,"column":22},"skip":true},{"start":{"line":105,"column":12},"end":{"line":106,"column":22},"skip":true}]},"11":{"line":89,"type":"binary-expr","locations":[{"start":{"line":89,"column":20},"end":{"line":89,"column":25},"skip":true},{"start":{"line":89,"column":29},"end":{"line":89,"column":48},"skip":true},{"start":{"line":89,"column":52},"end":{"line":89,"column":74},"skip":true}]},"12":{"line":92,"type":"if","locations":[{"start":{"line":92,"column":16},"end":{"line":92,"column":16},"skip":true},{"start":{"line":92,"column":16},"end":{"line":92,"column":16},"skip":true}]},"13":{"line":108,"type":"if","locations":[{"start":{"line":108,"column":12},"end":{"line":108,"column":12},"skip":true},{"start":{"line":108,"column":12},"end":{"line":108,"column":12},"skip":true}]},"14":{"line":108,"type":"binary-expr","locations":[{"start":{"line":108,"column":16},"end":{"line":108,"column":61},"skip":true},{"start":{"line":108,"column":66},"end":{"line":108,"column":72},"skip":true},{"start":{"line":108,"column":77},"end":{"line":108,"column":82},"skip":true},{"start":{"line":109,"column":20},"end":{"line":109,"column":39},"skip":true},{"start":{"line":110,"column":20},"end":{"line":110,"column":49},"skip":true},{"start":{"line":111,"column":20},"end":{"line":111,"column":58},"skip":true},{"start":{"line":112,"column":20},"end":{"line":112,"column":68},"skip":true}]},"15":{"line":129,"type":"if","locations":[{"start":{"line":129,"column":16},"end":{"line":129,"column":16},"skip":true},{"start":{"line":129,"column":16},"end":{"line":129,"column":16},"skip":true}]},"16":{"line":134,"type":"cond-expr","locations":[{"start":{"line":135,"column":26},"end":{"line":135,"column":29},"skip":true},{"start":{"line":136,"column":26},"end":{"line":136,"column":54},"skip":true}]},"17":{"line":164,"type":"binary-expr","locations":[{"start":{"line":164,"column":27},"end":{"line":164,"column":43},"skip":true},{"start":{"line":164,"column":47},"end":{"line":164,"column":49},"skip":true}]},"18":{"line":258,"type":"if","locations":[{"start":{"line":258,"column":8},"end":{"line":258,"column":8},"skip":true},{"start":{"line":258,"column":8},"end":{"line":258,"column":8},"skip":true}]},"19":{"line":275,"type":"switch","locations":[{"start":{"line":276,"column":20},"end":{"line":277,"column":64},"skip":true},{"start":{"line":278,"column":20},"end":{"line":279,"column":40},"skip":true},{"start":{"line":280,"column":20},"end":{"line":281,"column":40},"skip":true},{"start":{"line":282,"column":20},"end":{"line":283,"column":39},"skip":true}]},"20":{"line":288,"type":"if","locations":[{"start":{"line":288,"column":8},"end":{"line":288,"column":8},"skip":true},{"start":{"line":288,"column":8},"end":{"line":288,"column":8},"skip":true}]},"21":{"line":288,"type":"binary-expr","locations":[{"start":{"line":288,"column":12},"end":{"line":288,"column":40},"skip":true},{"start":{"line":288,"column":44},"end":{"line":288,"column":67},"skip":true}]},"22":{"line":292,"type":"binary-expr","locations":[{"start":{"line":292,"column":12},"end":{"line":292,"column":50},"skip":true},{"start":{"line":293,"column":12},"end":{"line":293,"column":53},"skip":true}]},"23":{"line":297,"type":"binary-expr","locations":[{"start":{"line":297,"column":12},"end":{"line":297,"column":65},"skip":true},{"start":{"line":298,"column":12},"end":{"line":301,"column":36},"skip":true}]},"24":{"line":303,"type":"binary-expr","locations":[{"start":{"line":303,"column":43},"end":{"line":303,"column":75},"skip":true},{"start":{"line":303,"column":79},"end":{"line":303,"column":81},"skip":true}]},"25":{"line":306,"type":"if","locations":[{"start":{"line":306,"column":8},"end":{"line":306,"column":8},"skip":true},{"start":{"line":306,"column":8},"end":{"line":306,"column":8},"skip":true}]},"26":{"line":310,"type":"if","locations":[{"start":{"line":310,"column":8},"end":{"line":310,"column":8},"skip":true},{"start":{"line":310,"column":8},"end":{"line":310,"column":8},"skip":true}]},"27":{"line":313,"type":"binary-expr","locations":[{"start":{"line":313,"column":27},"end":{"line":313,"column":43},"skip":true},{"start":{"line":313,"column":47},"end":{"line":313,"column":53},"skip":true}]},"28":{"line":317,"type":"if","locations":[{"start":{"line":317,"column":12},"end":{"line":317,"column":12},"skip":true},{"start":{"line":317,"column":12},"end":{"line":317,"column":12},"skip":true}]}},"code":["/*","example.js","","quickstart example","","instruction","    1. save this script as example.js","    2. run the shell command:","        $ npm install npmtest-node-wa && PORT=8081 node example.js","    3. play with the browser-demo on http://127.0.0.1:8081","*/","","","","/* istanbul instrument in package npmtest_node_wa */","/*jslint","    bitwise: true,","    browser: true,","    maxerr: 8,","    maxlen: 96,","    node: true,","    nomen: true,","    regexp: true,","    stupid: true","*/","(function () {","    'use strict';","    var local;","","","","    // run shared js-env code - pre-init","    (function () {","        // init local","        local = {};","        // init modeJs","        local.modeJs = (function () {","            try {","                return typeof navigator.userAgent === 'string' &&","                    typeof document.querySelector('body') === 'object' &&","                    typeof XMLHttpRequest.prototype.open === 'function' &&","                    'browser';","            } catch (errorCaughtBrowser) {","                return module.exports &&","                    typeof process.versions.node === 'string' &&","                    typeof require('http').createServer === 'function' &&","                    'node';","            }","        }());","        // init global","        local.global = local.modeJs === 'browser'","            ? window","            : global;","        // init utility2_rollup","        local = local.global.utility2_rollup || (local.modeJs === 'browser'","            ? local.global.utility2_npmtest_node_wa","            : global.utility2_moduleExports);","        // export local","        local.global.local = local;","    }());","    switch (local.modeJs) {","","","","    // post-init","    // run browser js-env code - post-init","    /* istanbul ignore next */","    case 'browser':","        local.testRunBrowser = function (event) {","            if (!event || (event &&","                    event.currentTarget &&","                    event.currentTarget.className &&","                    event.currentTarget.className.includes &&","                    event.currentTarget.className.includes('onreset'))) {","                // reset output","                Array.from(","                    document.querySelectorAll('body > .resettable')","                ).forEach(function (element) {","                    switch (element.tagName) {","                    case 'INPUT':","                    case 'TEXTAREA':","                        element.value = '';","                        break;","                    default:","                        element.textContent = '';","                    }","                });","            }","            switch (event && event.currentTarget && event.currentTarget.id) {","            case 'testRunButton1':","                // show tests","                if (document.querySelector('#testReportDiv1').style.display === 'none') {","                    document.querySelector('#testReportDiv1').style.display = 'block';","                    document.querySelector('#testRunButton1').textContent =","                        'hide internal test';","                    local.modeTest = true;","                    local.testRunDefault(local);","                // hide tests","                } else {","                    document.querySelector('#testReportDiv1').style.display = 'none';","                    document.querySelector('#testRunButton1').textContent = 'run internal test';","                }","                break;","            // custom-case","            default:","                break;","            }","            if (document.querySelector('#inputTextareaEval1') && (!event || (event &&","                    event.currentTarget &&","                    event.currentTarget.className &&","                    event.currentTarget.className.includes &&","                    event.currentTarget.className.includes('oneval')))) {","                // try to eval input-code","                try {","                    /*jslint evil: true*/","                    eval(document.querySelector('#inputTextareaEval1').value);","                } catch (errorCaught) {","                    console.error(errorCaught);","                }","            }","        };","        // log stderr and stdout to #outputTextareaStdout1","        ['error', 'log'].forEach(function (key) {","            console[key + '_original'] = console[key];","            console[key] = function () {","                var element;","                console[key + '_original'].apply(console, arguments);","                element = document.querySelector('#outputTextareaStdout1');","                if (!element) {","                    return;","                }","                // append text to #outputTextareaStdout1","                element.value += Array.from(arguments).map(function (arg) {","                    return typeof arg === 'string'","                        ? arg","                        : JSON.stringify(arg, null, 4);","                }).join(' ') + '\\n';","                // scroll textarea to bottom","                element.scrollTop = element.scrollHeight;","            };","        });","        // init event-handling","        ['change', 'click', 'keyup'].forEach(function (event) {","            Array.from(document.querySelectorAll('.on' + event)).forEach(function (element) {","                element.addEventListener(event, local.testRunBrowser);","            });","        });","        // run tests","        local.testRunBrowser();","        break;","","","","    // run node js-env code - post-init","    /* istanbul ignore next */","    case 'node':","        // export local","        module.exports = local;","        // require modules","        local.fs = require('fs');","        local.http = require('http');","        local.url = require('url');","        // init assets","        local.assetsDict = local.assetsDict || {};","        /* jslint-ignore-begin */","        local.assetsDict['/assets.index.template.html'] = '\\","<!doctype html>\\n\\","<html lang=\"en\">\\n\\","<head>\\n\\","<meta charset=\"UTF-8\">\\n\\","<meta name=\"viewport\" content=\"width=device-width, initial-scale=1\">\\n\\","<title>{{env.npm_package_name}} (v{{env.npm_package_version}})</title>\\n\\","<style>\\n\\","/*csslint\\n\\","    box-sizing: false,\\n\\","    universal-selector: false\\n\\","*/\\n\\","* {\\n\\","    box-sizing: border-box;\\n\\","}\\n\\","body {\\n\\","    background: #dde;\\n\\","    font-family: Arial, Helvetica, sans-serif;\\n\\","    margin: 2rem;\\n\\","}\\n\\","body > * {\\n\\","    margin-bottom: 1rem;\\n\\","}\\n\\",".utility2FooterDiv {\\n\\","    margin-top: 20px;\\n\\","    text-align: center;\\n\\","}\\n\\","</style>\\n\\","<style>\\n\\","/*csslint\\n\\","*/\\n\\","textarea {\\n\\","    font-family: monospace;\\n\\","    height: 10rem;\\n\\","    width: 100%;\\n\\","}\\n\\","textarea[readonly] {\\n\\","    background: #ddd;\\n\\","}\\n\\","</style>\\n\\","</head>\\n\\","<body>\\n\\","<!-- utility2-comment\\n\\","<div id=\"ajaxProgressDiv1\" style=\"background: #d00; height: 2px; left: 0; margin: 0; padding: 0; position: fixed; top: 0; transition: background 0.5s, width 1.5s; width: 25%;\"></div>\\n\\","utility2-comment -->\\n\\","<h1>\\n\\","<!-- utility2-comment\\n\\","    <a\\n\\","        {{#if env.npm_package_homepage}}\\n\\","        href=\"{{env.npm_package_homepage}}\"\\n\\","        {{/if env.npm_package_homepage}}\\n\\","        target=\"_blank\"\\n\\","    >\\n\\","utility2-comment -->\\n\\","        {{env.npm_package_name}} (v{{env.npm_package_version}})\\n\\","<!-- utility2-comment\\n\\","    </a>\\n\\","utility2-comment -->\\n\\","</h1>\\n\\","<h3>{{env.npm_package_description}}</h3>\\n\\","<!-- utility2-comment\\n\\","<h4><a download href=\"assets.app.js\">download standalone app</a></h4>\\n\\","<button class=\"onclick onreset\" id=\"testRunButton1\">run internal test</button><br>\\n\\","<div id=\"testReportDiv1\" style=\"display: none;\"></div>\\n\\","utility2-comment -->\\n\\","\\n\\","\\n\\","\\n\\","<label>stderr and stdout</label>\\n\\","<textarea class=\"resettable\" id=\"outputTextareaStdout1\" readonly></textarea>\\n\\","<!-- utility2-comment\\n\\","{{#if isRollup}}\\n\\","<script src=\"assets.app.js\"></script>\\n\\","{{#unless isRollup}}\\n\\","utility2-comment -->\\n\\","<script src=\"assets.utility2.rollup.js\"></script>\\n\\","<script src=\"jsonp.utility2._stateInit?callback=window.utility2._stateInit\"></script>\\n\\","<script src=\"assets.npmtest_node_wa.rollup.js\"></script>\\n\\","<script src=\"assets.example.js\"></script>\\n\\","<script src=\"assets.test.js\"></script>\\n\\","<!-- utility2-comment\\n\\","{{/if isRollup}}\\n\\","utility2-comment -->\\n\\","<div class=\"utility2FooterDiv\">\\n\\","    [ this app was created with\\n\\","    <a href=\"https://github.com/kaizhu256/node-utility2\" target=\"_blank\">utility2</a>\\n\\","    ]\\n\\","</div>\\n\\","</body>\\n\\","</html>\\n\\","';","        /* jslint-ignore-end */","        if (local.templateRender) {","            local.assetsDict['/'] = local.templateRender(","                local.assetsDict['/assets.index.template.html'],","                {","                    env: local.objectSetDefault(local.env, {","                        npm_package_description: 'the greatest app in the world!',","                        npm_package_name: 'my-app',","                        npm_package_nameAlias: 'my_app',","                        npm_package_version: '0.0.1'","                    })","                }","            );","        } else {","            local.assetsDict['/'] = local.assetsDict['/assets.index.template.html']","                .replace((/\\{\\{env\\.(\\w+?)\\}\\}/g), function (match0, match1) {","                    // jslint-hack","                    String(match0);","                    switch (match1) {","                    case 'npm_package_description':","                        return 'the greatest app in the world!';","                    case 'npm_package_name':","                        return 'my-app';","                    case 'npm_package_nameAlias':","                        return 'my_app';","                    case 'npm_package_version':","                        return '0.0.1';","                    }","                });","        }","        // run the cli","        if (local.global.utility2_rollup || module !== require.main) {","            break;","        }","        local.assetsDict['/assets.example.js'] =","            local.assetsDict['/assets.example.js'] ||","            local.fs.readFileSync(__filename, 'utf8');","        // bug-workaround - long $npm_package_buildCustomOrg","        /* jslint-ignore-begin */","        local.assetsDict['/assets.npmtest_node_wa.rollup.js'] =","            local.assetsDict['/assets.npmtest_node_wa.rollup.js'] ||","            local.fs.readFileSync(","                local.npmtest_node_wa.__dirname + '/lib.npmtest_node_wa.js',","                'utf8'","            ).replace((/^#!/), '//');","        /* jslint-ignore-end */","        local.assetsDict['/favicon.ico'] = local.assetsDict['/favicon.ico'] || '';","        // if $npm_config_timeout_exit exists,","        // then exit this process after $npm_config_timeout_exit ms","        if (Number(process.env.npm_config_timeout_exit)) {","            setTimeout(process.exit, Number(process.env.npm_config_timeout_exit));","        }","        // start server","        if (local.global.utility2_serverHttp1) {","            break;","        }","        process.env.PORT = process.env.PORT || '8081';","        console.error('server starting on port ' + process.env.PORT);","        local.http.createServer(function (request, response) {","            request.urlParsed = local.url.parse(request.url);","            if (local.assetsDict[request.urlParsed.pathname] !== undefined) {","                response.end(local.assetsDict[request.urlParsed.pathname]);","                return;","            }","            response.statusCode = 404;","            response.end();","        }).listen(process.env.PORT);","        break;","    }","}());",""],"l":{"26":2,"28":2,"33":2,"35":2,"37":2,"38":2,"39":2,"44":1,"51":2,"55":2,"59":2,"61":2,"69":1,"70":2,"76":2,"79":2,"82":2,"83":2,"85":1,"89":2,"92":1,"93":1,"94":1,"96":1,"97":1,"100":1,"101":1,"103":1,"106":1,"108":2,"114":1,"116":1,"118":1,"123":1,"124":2,"125":2,"126":3,"127":3,"128":3,"129":3,"130":1,"133":3,"134":3,"139":3,"143":1,"144":3,"145":1,"149":1,"150":1,"158":1,"160":1,"161":1,"162":1,"164":1,"166":1,"258":1,"259":1,"271":1,"274":6,"275":6,"277":1,"279":2,"281":1,"283":2,"288":1,"289":1,"291":1,"296":1,"303":1,"306":1,"307":1,"310":1,"311":1,"313":1,"314":1,"315":1,"316":1,"317":1,"318":1,"319":1,"321":1,"322":1,"324":1}},"/home/travis/build/npmtest/node-npmtest-node-wa/node_modules/node-wa/index.js":{"path":"/home/travis/build/npmtest/node-npmtest-node-wa/node_modules/node-wa/index.js","s":{"1":1,"2":1,"3":1,"4":1,"5":1,"6":1,"7":0,"8":1,"9":0,"10":1,"11":0,"12":0,"13":0,"14":1,"15":0,"16":0,"17":0,"18":0,"19":1,"20":0,"21":0,"22":1,"23":0,"24":0,"25":0,"26":0,"27":0,"28":0,"29":0,"30":0,"31":0,"32":0,"33":0,"34":1,"35":0,"36":0,"37":0,"38":0,"39":0,"40":0,"41":0,"42":0,"43":0,"44":0,"45":0,"46":0,"47":0,"48":0,"49":1,"50":1,"51":0,"52":0,"53":1,"54":1,"55":1,"56":1,"57":1,"58":1,"59":0,"60":0,"61":0,"62":0,"63":0,"64":0,"65":0,"66":0,"67":0,"68":0,"69":0,"70":0,"71":0,"72":0,"73":0,"74":0,"75":0,"76":0,"77":0,"78":0,"79":0,"80":0,"81":0,"82":0,"83":0,"84":0,"85":0,"86":0,"87":0,"88":0,"89":0,"90":0,"91":0,"92":0,"93":0,"94":0,"95":0,"96":0,"97":0,"98":0,"99":0,"100":0,"101":0,"102":0,"103":0,"104":0,"105":0,"106":0,"107":0,"108":0,"109":0,"110":0,"111":0,"112":0,"113":0,"114":0,"115":0,"116":0,"117":0,"118":0,"119":0,"120":0,"121":0,"122":0,"123":0,"124":0,"125":0,"126":0,"127":0,"128":0,"129":0,"130":0,"131":0,"132":0,"133":0,"134":0,"135":0,"136":0,"137":0,"138":0,"139":0,"140":0,"141":0,"142":0,"143":0,"144":0,"145":0,"146":0,"147":0,"148":0,"149":0,"150":0,"151":0,"152":0,"153":0,"154":0,"155":0,"156":0,"157":0,"158":0,"159":0,"160":0,"161":0,"162":0,"163":0,"164":0,"165":0,"166":0,"167":0,"168":0,"169":0,"170":0,"171":0,"172":0,"173":0,"174":0,"175":0,"176":0,"177":0,"178":0,"179":0,"180":0,"181":0,"182":0,"183":0,"184":0,"185":0,"186":0,"187":0,"188":0,"189":0,"190":0,"191":0,"192":0,"193":0,"194":0,"195":0,"196":0,"197":0,"198":0,"199":0,"200":0,"201":0,"202":0,"203":0,"204":0,"205":0,"206":0,"207":0,"208":0,"209":0,"210":0,"211":0,"212":0,"213":0,"214":0,"215":0,"216":0,"217":0,"218":0,"219":0,"220":0,"221":0,"222":0,"223":0,"224":0,"225":0,"226":0,"227":0,"228":0,"229":0,"230":0,"231":0,"232":0,"233":0,"234":0,"235":0,"236":0,"237":0,"238":0,"239":0,"240":0,"241":0,"242":0,"243":0,"244":0,"245":0,"246":0,"247":0,"248":0,"249":0,"250":0,"251":0,"252":0,"253":0,"254":0,"255":1,"256":1,"257":0,"258":0,"259":0,"260":1,"261":0,"262":0,"263":0,"264":0,"265":1,"266":0,"267":0,"268":0,"269":0,"270":1,"271":0,"272":0,"273":1,"274":0,"275":0,"276":0,"277":1,"278":0,"279":0,"280":0,"281":1,"282":0,"283":1,"284":0,"285":1,"286":0,"287":0,"288":0,"289":1,"290":0,"291":0,"292":0,"293":0,"294":1,"295":0,"296":0,"297":0,"298":0,"299":0,"300":1,"301":0,"302":0,"303":0,"304":0,"305":1,"306":0,"307":0,"308":0,"309":1,"310":0,"311":0,"312":1,"313":0,"314":1,"315":0,"316":0,"317":1,"318":0,"319":0,"320":1,"321":0,"322":0,"323":0,"324":0,"325":1,"326":0,"327":0,"328":0,"329":0,"330":0,"331":0,"332":0,"333":0,"334":0,"335":0,"336":0,"337":0,"338":0,"339":0,"340":0,"341":0,"342":1,"343":0,"344":0,"345":0,"346":1,"347":1,"348":0,"349":0,"350":0,"351":0,"352":0,"353":0,"354":0,"355":1,"356":0,"357":0,"358":0,"359":1,"360":0,"361":0,"362":1,"363":0,"364":0,"365":0,"366":1,"367":0,"368":1,"369":0,"370":1,"371":0,"372":0,"373":0,"374":0,"375":1,"376":0,"377":1,"378":0,"379":1,"380":0,"381":0,"382":0,"383":0,"384":0,"385":1,"386":0,"387":1,"388":0,"389":0,"390":0,"391":0,"392":0,"393":1,"394":0,"395":0,"396":0,"397":0,"398":0,"399":0,"400":0,"401":1,"402":1,"403":0,"404":0,"405":0,"406":0,"407":0,"408":0,"409":0,"410":0,"411":0,"412":0,"413":0,"414":0,"415":0,"416":0,"417":0,"418":0,"419":0,"420":0,"421":0,"422":0,"423":0,"424":0,"425":0,"426":0,"427":0,"428":0,"429":0,"430":0,"431":0,"432":0,"433":0,"434":0,"435":0,"436":0,"437":0,"438":0,"439":0,"440":0,"441":0,"442":0,"443":0,"444":0,"445":0,"446":0,"447":0,"448":0,"449":0,"450":0,"451":0,"452":0,"453":0,"454":0,"455":0,"456":0,"457":0,"458":0,"459":0,"460":0,"461":0,"462":0,"463":0,"464":0,"465":0,"466":0,"467":0,"468":0,"469":0,"470":0,"471":0,"472":0,"473":0,"474":0,"475":0,"476":0,"477":0,"478":0,"479":0,"480":0,"481":0,"482":0,"483":0,"484":0,"485":0,"486":0,"487":0,"488":0,"489":0,"490":0,"491":0,"492":0,"493":0,"494":0,"495":0,"496":0,"497":0,"498":0,"499":0,"500":0,"501":0,"502":0,"503":0,"504":0,"505":0,"506":0,"507":0,"508":0,"509":0,"510":0,"511":0,"512":0,"513":0,"514":0,"515":0,"516":0,"517":0,"518":0,"519":0,"520":0,"521":0,"522":0,"523":0,"524":0,"525":0,"526":0,"527":0,"528":0,"529":0,"530":0,"531":0,"532":0,"533":0,"534":0,"535":0,"536":0,"537":0,"538":0,"539":0,"540":0,"541":0,"542":0,"543":0,"544":0,"545":0,"546":0,"547":0,"548":0,"549":0,"550":0,"551":0,"552":0,"553":0,"554":0,"555":0,"556":0,"557":0,"558":0,"559":0,"560":0,"561":0,"562":0,"563":0,"564":0,"565":0,"566":0,"567":0,"568":0,"569":0,"570":0,"571":0,"572":0,"573":0,"574":0,"575":0,"576":0,"577":0,"578":0,"579":0,"580":0,"581":0,"582":0,"583":0,"584":0,"585":1},"b":{"1":[0,0],"2":[0,0],"3":[0,0],"4":[0,0],"5":[0,0],"6":[0,0],"7":[0,0],"8":[0,1],"9":[0,0],"10":[0,0],"11":[0,0],"12":[0,0,0],"13":[0,0],"14":[0,0,0],"15":[0,0],"16":[0,0],"17":[0,0],"18":[0,0,0,0,0],"19":[0,0],"20":[0,0],"21":[0,0],"22":[0,0],"23":[0,0],"24":[0,0],"25":[0,0],"26":[0,0],"27":[0,0],"28":[0,0],"29":[0,0],"30":[0,0],"31":[0,0],"32":[0,0,0,0,0,0,0,0,0,0,0],"33":[0,0],"34":[0,0],"35":[0,0],"36":[0,0],"37":[0,0],"38":[0,0],"39":[0,0],"40":[0,0],"41":[0,0],"42":[0,0],"43":[0,0],"44":[0,0],"45":[0,0],"46":[0,0],"47":[0,0],"48":[0,0,0,0,0,0,0,0,0,0,0,0,0,0,0,0,0,0,0,0,0,0],"49":[0,0],"50":[0,0],"51":[0,0],"52":[0,0],"53":[0,0],"54":[0,0],"55":[0,0],"56":[0,0],"57":[0,0],"58":[0,0],"59":[0,0],"60":[0,0],"61":[0,0],"62":[0,0],"63":[0,0],"64":[0,0],"65":[0,0],"66":[0,0],"67":[0,0],"68":[0,0],"69":[0,0],"70":[0,0],"71":[0,0],"72":[0,0],"73":[0,0,0],"74":[0,0],"75":[0,0],"76":[0,0],"77":[0,0],"78":[0,0],"79":[0,0],"80":[0,0],"81":[0,0],"82":[0,0],"83":[0,0],"84":[0,0],"85":[0,0],"86":[0,0],"87":[0,0],"88":[0,0],"89":[0,0],"90":[0,0],"91":[0,0],"92":[0,0],"93":[0,0],"94":[0,0],"95":[0,0],"96":[0,0],"97":[0,0],"98":[0,0],"99":[0,0],"100":[0,0],"101":[0,0],"102":[0,0],"103":[0,0],"104":[0,0]},"f":{"1":0,"2":0,"3":0,"4":0,"5":0,"6":0,"7":0,"8":0,"9":0,"10":0,"11":0,"12":0,"13":0,"14":0,"15":0,"16":0,"17":0,"18":0,"19":0,"20":0,"21":0,"22":0,"23":0,"24":0,"25":0,"26":0,"27":0,"28":0,"29":0,"30":0,"31":0,"32":0,"33":0,"34":0,"35":0,"36":0,"37":0,"38":0,"39":0,"40":0,"41":0,"42":0,"43":0,"44":0,"45":0,"46":0,"47":0,"48":0,"49":0,"50":0,"51":0,"52":0,"53":0,"54":0},"fnMap":{"1":{"name":"md5","line":7,"loc":{"start":{"line":7,"column":0},"end":{"line":7,"column":16}}},"2":{"name":"bytesToHex","line":10,"loc":{"start":{"line":10,"column":0},"end":{"line":10,"column":27}}},"3":{"name":"forDigit","line":27,"loc":{"start":{"line":27,"column":0},"end":{"line":27,"column":21}}},"4":{"name":"hex2str","line":35,"loc":{"start":{"line":35,"column":0},"end":{"line":35,"column":22}}},"5":{"name":"_hex","line":42,"loc":{"start":{"line":42,"column":0},"end":{"line":43,"column":0}}},"6":{"name":"splitBuffer","line":48,"loc":{"start":{"line":48,"column":0},"end":{"line":48,"column":32}}},"7":{"name":"array_shift","line":63,"loc":{"start":{"line":63,"column":0},"end":{"line":63,"column":32}}},"8":{"name":"(anonymous_8)","line":78,"loc":{"start":{"line":78,"column":28},"end":{"line":78,"column":52}}},"9":{"name":"(anonymous_9)","line":117,"loc":{"start":{"line":117,"column":12},"end":{"line":117,"column":46}}},"10":{"name":"socketConnected","line":134,"loc":{"start":{"line":134,"column":39},"end":{"line":134,"column":66}}},"11":{"name":"socketClosed","line":155,"loc":{"start":{"line":155,"column":37},"end":{"line":155,"column":62}}},"12":{"name":"socketError","line":162,"loc":{"start":{"line":162,"column":37},"end":{"line":162,"column":63}}},"13":{"name":"handleStanza","line":168,"loc":{"start":{"line":168,"column":38},"end":{"line":168,"column":66}}},"14":{"name":"handleChallenge","line":188,"loc":{"start":{"line":188,"column":41},"end":{"line":188,"column":72}}},"15":{"name":"loggedIn","line":233,"loc":{"start":{"line":233,"column":40},"end":{"line":233,"column":64}}},"16":{"name":"receivedIq","line":242,"loc":{"start":{"line":242,"column":34},"end":{"line":242,"column":60}}},"17":{"name":"receivedPresence","line":285,"loc":{"start":{"line":285,"column":40},"end":{"line":285,"column":72}}},"18":{"name":"streamError","line":290,"loc":{"start":{"line":290,"column":43},"end":{"line":290,"column":70}}},"19":{"name":"handleMessage","line":305,"loc":{"start":{"line":305,"column":39},"end":{"line":305,"column":75}}},"20":{"name":"(anonymous_20)","line":435,"loc":{"start":{"line":435,"column":29},"end":{"line":435,"column":43}}},"21":{"name":"(anonymous_21)","line":442,"loc":{"start":{"line":442,"column":29},"end":{"line":442,"column":43}}},"22":{"name":"(anonymous_22)","line":450,"loc":{"start":{"line":450,"column":29},"end":{"line":450,"column":43}}},"23":{"name":"(anonymous_23)","line":457,"loc":{"start":{"line":457,"column":36},"end":{"line":457,"column":63}}},"24":{"name":"(anonymous_24)","line":462,"loc":{"start":{"line":462,"column":38},"end":{"line":462,"column":58}}},"25":{"name":"(anonymous_25)","line":468,"loc":{"start":{"line":468,"column":38},"end":{"line":468,"column":58}}},"26":{"name":"(anonymous_26)","line":474,"loc":{"start":{"line":474,"column":42},"end":{"line":474,"column":62}}},"27":{"name":"(anonymous_27)","line":479,"loc":{"start":{"line":479,"column":40},"end":{"line":479,"column":60}}},"28":{"name":"(anonymous_28)","line":483,"loc":{"start":{"line":483,"column":32},"end":{"line":483,"column":65}}},"29":{"name":"(anonymous_29)","line":489,"loc":{"start":{"line":489,"column":25},"end":{"line":489,"column":42}}},"30":{"name":"(anonymous_30)","line":501,"loc":{"start":{"line":501,"column":32},"end":{"line":501,"column":46}}},"31":{"name":"(anonymous_31)","line":510,"loc":{"start":{"line":510,"column":25},"end":{"line":510,"column":36}}},"32":{"name":"(anonymous_32)","line":517,"loc":{"start":{"line":517,"column":39},"end":{"line":517,"column":50}}},"33":{"name":"(anonymous_33)","line":523,"loc":{"start":{"line":523,"column":32},"end":{"line":523,"column":43}}},"34":{"name":"(anonymous_34)","line":529,"loc":{"start":{"line":529,"column":35},"end":{"line":529,"column":52}}},"35":{"name":"(anonymous_35)","line":534,"loc":{"start":{"line":534,"column":34},"end":{"line":534,"column":51}}},"36":{"name":"(anonymous_36)","line":540,"loc":{"start":{"line":540,"column":32},"end":{"line":540,"column":45}}},"37":{"name":"(anonymous_37)","line":546,"loc":{"start":{"line":546,"column":35},"end":{"line":546,"column":78}}},"38":{"name":"(anonymous_38)","line":553,"loc":{"start":{"line":553,"column":33},"end":{"line":553,"column":55}}},"39":{"name":"(anonymous_39)","line":575,"loc":{"start":{"line":575,"column":38},"end":{"line":575,"column":53}}},"40":{"name":"(anonymous_40)","line":581,"loc":{"start":{"line":581,"column":39},"end":{"line":581,"column":50}}},"41":{"name":"(anonymous_41)","line":585,"loc":{"start":{"line":585,"column":32},"end":{"line":585,"column":46}}},"42":{"name":"(anonymous_42)","line":596,"loc":{"start":{"line":596,"column":43},"end":{"line":596,"column":61}}},"43":{"name":"(anonymous_43)","line":602,"loc":{"start":{"line":602,"column":50},"end":{"line":602,"column":63}}},"44":{"name":"(anonymous_44)","line":607,"loc":{"start":{"line":607,"column":36},"end":{"line":607,"column":53}}},"45":{"name":"(anonymous_45)","line":613,"loc":{"start":{"line":613,"column":29},"end":{"line":613,"column":40}}},"46":{"name":"(anonymous_46)","line":617,"loc":{"start":{"line":617,"column":31},"end":{"line":617,"column":42}}},"47":{"name":"(anonymous_47)","line":621,"loc":{"start":{"line":621,"column":35},"end":{"line":621,"column":48}}},"48":{"name":"(anonymous_48)","line":628,"loc":{"start":{"line":628,"column":36},"end":{"line":628,"column":50}}},"49":{"name":"(anonymous_49)","line":632,"loc":{"start":{"line":632,"column":37},"end":{"line":632,"column":51}}},"50":{"name":"(anonymous_50)","line":636,"loc":{"start":{"line":636,"column":39},"end":{"line":636,"column":53}}},"51":{"name":"(anonymous_51)","line":644,"loc":{"start":{"line":644,"column":28},"end":{"line":644,"column":39}}},"52":{"name":"(anonymous_52)","line":650,"loc":{"start":{"line":650,"column":37},"end":{"line":650,"column":48}}},"53":{"name":"(anonymous_53)","line":658,"loc":{"start":{"line":658,"column":44},"end":{"line":658,"column":62}}},"54":{"name":"pack","line":696,"loc":{"start":{"line":696,"column":0},"end":{"line":696,"column":22}}}},"statementMap":{"1":{"start":{"line":1,"column":0},"end":{"line":1,"column":25}},"2":{"start":{"line":2,"column":0},"end":{"line":2,"column":38}},"3":{"start":{"line":3,"column":0},"end":{"line":3,"column":31}},"4":{"start":{"line":4,"column":0},"end":{"line":4,"column":23}},"5":{"start":{"line":5,"column":0},"end":{"line":5,"column":34}},"6":{"start":{"line":7,"column":0},"end":{"line":9,"column":1}},"7":{"start":{"line":8,"column":4},"end":{"line":8,"column":60}},"8":{"start":{"line":10,"column":0},"end":{"line":25,"column":1}},"9":{"start":{"line":24,"column":4},"end":{"line":24,"column":33}},"10":{"start":{"line":27,"column":0},"end":{"line":33,"column":1}},"11":{"start":{"line":28,"column":4},"end":{"line":32,"column":5}},"12":{"start":{"line":29,"column":8},"end":{"line":29,"column":24}},"13":{"start":{"line":31,"column":8},"end":{"line":31,"column":29}},"14":{"start":{"line":35,"column":0},"end":{"line":40,"column":1}},"15":{"start":{"line":36,"column":4},"end":{"line":36,"column":17}},"16":{"start":{"line":37,"column":4},"end":{"line":38,"column":67}},"17":{"start":{"line":38,"column":8},"end":{"line":38,"column":67}},"18":{"start":{"line":39,"column":4},"end":{"line":39,"column":15}},"19":{"start":{"line":42,"column":0},"end":{"line":46,"column":1}},"20":{"start":{"line":44,"column":4},"end":{"line":44,"column":53}},"21":{"start":{"line":45,"column":4},"end":{"line":45,"column":31}},"22":{"start":{"line":48,"column":0},"end":{"line":61,"column":1}},"23":{"start":{"line":49,"column":4},"end":{"line":49,"column":24}},"24":{"start":{"line":50,"column":4},"end":{"line":58,"column":5}},"25":{"start":{"line":51,"column":8},"end":{"line":51,"column":37}},"26":{"start":{"line":51,"column":28},"end":{"line":51,"column":37}},"27":{"start":{"line":52,"column":8},"end":{"line":55,"column":9}},"28":{"start":{"line":53,"column":12},"end":{"line":53,"column":18}},"29":{"start":{"line":54,"column":12},"end":{"line":54,"column":18}},"30":{"start":{"line":56,"column":8},"end":{"line":56,"column":34}},"31":{"start":{"line":57,"column":8},"end":{"line":57,"column":18}},"32":{"start":{"line":59,"column":4},"end":{"line":59,"column":27}},"33":{"start":{"line":60,"column":4},"end":{"line":60,"column":15}},"34":{"start":{"line":63,"column":0},"end":{"line":101,"column":1}},"35":{"start":{"line":73,"column":4},"end":{"line":92,"column":10}},"36":{"start":{"line":81,"column":12},"end":{"line":90,"column":13}},"37":{"start":{"line":82,"column":16},"end":{"line":82,"column":29}},"38":{"start":{"line":83,"column":16},"end":{"line":83,"column":24}},"39":{"start":{"line":84,"column":16},"end":{"line":86,"column":17}},"40":{"start":{"line":85,"column":20},"end":{"line":85,"column":28}},"41":{"start":{"line":87,"column":16},"end":{"line":87,"column":53}},"42":{"start":{"line":88,"column":16},"end":{"line":88,"column":35}},"43":{"start":{"line":89,"column":16},"end":{"line":89,"column":32}},"44":{"start":{"line":91,"column":12},"end":{"line":91,"column":22}},"45":{"start":{"line":95,"column":4},"end":{"line":97,"column":5}},"46":{"start":{"line":96,"column":8},"end":{"line":96,"column":20}},"47":{"start":{"line":98,"column":4},"end":{"line":100,"column":5}},"48":{"start":{"line":99,"column":8},"end":{"line":99,"column":32}},"49":{"start":{"line":103,"column":0},"end":{"line":103,"column":50}},"50":{"start":{"line":105,"column":0},"end":{"line":110,"column":1}},"51":{"start":{"line":106,"column":4},"end":{"line":106,"column":14}},"52":{"start":{"line":107,"column":4},"end":{"line":107,"column":44}},"53":{"start":{"line":109,"column":4},"end":{"line":109,"column":27}},"54":{"start":{"line":112,"column":0},"end":{"line":112,"column":39}},"55":{"start":{"line":113,"column":0},"end":{"line":113,"column":46}},"56":{"start":{"line":114,"column":0},"end":{"line":114,"column":48}},"57":{"start":{"line":115,"column":0},"end":{"line":115,"column":48}},"58":{"start":{"line":117,"column":0},"end":{"line":431,"column":1}},"59":{"start":{"line":118,"column":4},"end":{"line":118,"column":20}},"60":{"start":{"line":120,"column":4},"end":{"line":120,"column":41}},"61":{"start":{"line":121,"column":4},"end":{"line":121,"column":18}},"62":{"start":{"line":122,"column":4},"end":{"line":122,"column":76}},"63":{"start":{"line":123,"column":4},"end":{"line":129,"column":6}},"64":{"start":{"line":130,"column":4},"end":{"line":130,"column":71}},"65":{"start":{"line":131,"column":4},"end":{"line":131,"column":88}},"66":{"start":{"line":132,"column":4},"end":{"line":132,"column":88}},"67":{"start":{"line":134,"column":4},"end":{"line":153,"column":18}},"68":{"start":{"line":135,"column":8},"end":{"line":135,"column":44}},"69":{"start":{"line":136,"column":8},"end":{"line":136,"column":34}},"70":{"start":{"line":137,"column":8},"end":{"line":137,"column":80}},"71":{"start":{"line":139,"column":8},"end":{"line":144,"column":10}},"72":{"start":{"line":145,"column":8},"end":{"line":145,"column":77}},"73":{"start":{"line":147,"column":8},"end":{"line":147,"column":51}},"74":{"start":{"line":148,"column":8},"end":{"line":148,"column":35}},"75":{"start":{"line":150,"column":8},"end":{"line":150,"column":123}},"76":{"start":{"line":151,"column":8},"end":{"line":151,"column":44}},"77":{"start":{"line":152,"column":8},"end":{"line":152,"column":32}},"78":{"start":{"line":155,"column":4},"end":{"line":160,"column":18}},"79":{"start":{"line":156,"column":8},"end":{"line":156,"column":96}},"80":{"start":{"line":159,"column":8},"end":{"line":159,"column":27}},"81":{"start":{"line":162,"column":4},"end":{"line":166,"column":18}},"82":{"start":{"line":163,"column":8},"end":{"line":163,"column":97}},"83":{"start":{"line":165,"column":8},"end":{"line":165,"column":32}},"84":{"start":{"line":168,"column":4},"end":{"line":186,"column":18}},"85":{"start":{"line":169,"column":8},"end":{"line":175,"column":9}},"86":{"start":{"line":171,"column":12},"end":{"line":171,"column":54}},"87":{"start":{"line":172,"column":12},"end":{"line":172,"column":39}},"88":{"start":{"line":173,"column":12},"end":{"line":173,"column":36}},"89":{"start":{"line":174,"column":12},"end":{"line":174,"column":30}},"90":{"start":{"line":176,"column":8},"end":{"line":180,"column":9}},"91":{"start":{"line":179,"column":12},"end":{"line":179,"column":19}},"92":{"start":{"line":181,"column":8},"end":{"line":184,"column":9}},"93":{"start":{"line":183,"column":12},"end":{"line":183,"column":19}},"94":{"start":{"line":185,"column":8},"end":{"line":185,"column":48}},"95":{"start":{"line":188,"column":4},"end":{"line":231,"column":18}},"96":{"start":{"line":189,"column":8},"end":{"line":189,"column":47}},"97":{"start":{"line":190,"column":8},"end":{"line":190,"column":75}},"98":{"start":{"line":191,"column":8},"end":{"line":191,"column":52}},"99":{"start":{"line":193,"column":8},"end":{"line":193,"column":45}},"100":{"start":{"line":194,"column":8},"end":{"line":194,"column":30}},"101":{"start":{"line":195,"column":8},"end":{"line":195,"column":42}},"102":{"start":{"line":196,"column":8},"end":{"line":196,"column":46}},"103":{"start":{"line":197,"column":8},"end":{"line":197,"column":38}},"104":{"start":{"line":198,"column":8},"end":{"line":198,"column":31}},"105":{"start":{"line":199,"column":8},"end":{"line":199,"column":40}},"106":{"start":{"line":200,"column":8},"end":{"line":200,"column":28}},"107":{"start":{"line":201,"column":8},"end":{"line":201,"column":32}},"108":{"start":{"line":202,"column":8},"end":{"line":202,"column":57}},"109":{"start":{"line":203,"column":8},"end":{"line":203,"column":48}},"110":{"start":{"line":204,"column":8},"end":{"line":204,"column":23}},"111":{"start":{"line":205,"column":8},"end":{"line":205,"column":42}},"112":{"start":{"line":207,"column":8},"end":{"line":207,"column":103}},"113":{"start":{"line":208,"column":8},"end":{"line":208,"column":63}},"114":{"start":{"line":209,"column":8},"end":{"line":209,"column":67}},"115":{"start":{"line":210,"column":8},"end":{"line":210,"column":99}},"116":{"start":{"line":211,"column":8},"end":{"line":211,"column":62}},"117":{"start":{"line":212,"column":8},"end":{"line":212,"column":33}},"118":{"start":{"line":213,"column":8},"end":{"line":213,"column":59}},"119":{"start":{"line":214,"column":8},"end":{"line":222,"column":38}},"120":{"start":{"line":223,"column":8},"end":{"line":223,"column":51}},"121":{"start":{"line":225,"column":8},"end":{"line":225,"column":151}},"122":{"start":{"line":226,"column":8},"end":{"line":226,"column":53}},"123":{"start":{"line":227,"column":8},"end":{"line":227,"column":32}},"124":{"start":{"line":229,"column":8},"end":{"line":229,"column":49}},"125":{"start":{"line":233,"column":4},"end":{"line":240,"column":18}},"126":{"start":{"line":234,"column":8},"end":{"line":234,"column":104}},"127":{"start":{"line":235,"column":8},"end":{"line":235,"column":85}},"128":{"start":{"line":236,"column":8},"end":{"line":236,"column":89}},"129":{"start":{"line":237,"column":8},"end":{"line":237,"column":29}},"130":{"start":{"line":238,"column":8},"end":{"line":238,"column":36}},"131":{"start":{"line":239,"column":8},"end":{"line":239,"column":30}},"132":{"start":{"line":242,"column":4},"end":{"line":283,"column":18}},"133":{"start":{"line":244,"column":8},"end":{"line":244,"column":52}},"134":{"start":{"line":245,"column":8},"end":{"line":245,"column":47}},"135":{"start":{"line":246,"column":8},"end":{"line":246,"column":49}},"136":{"start":{"line":248,"column":8},"end":{"line":250,"column":9}},"137":{"start":{"line":249,"column":12},"end":{"line":249,"column":60}},"138":{"start":{"line":251,"column":8},"end":{"line":282,"column":9}},"139":{"start":{"line":253,"column":16},"end":{"line":253,"column":49}},"140":{"start":{"line":254,"column":16},"end":{"line":256,"column":17}},"141":{"start":{"line":255,"column":20},"end":{"line":255,"column":41}},"142":{"start":{"line":257,"column":16},"end":{"line":257,"column":22}},"143":{"start":{"line":266,"column":16},"end":{"line":266,"column":43}},"144":{"start":{"line":267,"column":16},"end":{"line":267,"column":22}},"145":{"start":{"line":269,"column":16},"end":{"line":269,"column":55}},"146":{"start":{"line":270,"column":16},"end":{"line":273,"column":17}},"147":{"start":{"line":271,"column":20},"end":{"line":271,"column":109}},"148":{"start":{"line":272,"column":20},"end":{"line":272,"column":26}},"149":{"start":{"line":280,"column":16},"end":{"line":280,"column":72}},"150":{"start":{"line":281,"column":16},"end":{"line":281,"column":22}},"151":{"start":{"line":285,"column":4},"end":{"line":288,"column":18}},"152":{"start":{"line":286,"column":8},"end":{"line":286,"column":50}},"153":{"start":{"line":287,"column":8},"end":{"line":287,"column":110}},"154":{"start":{"line":290,"column":4},"end":{"line":303,"column":18}},"155":{"start":{"line":291,"column":8},"end":{"line":291,"column":47}},"156":{"start":{"line":292,"column":8},"end":{"line":300,"column":9}},"157":{"start":{"line":293,"column":12},"end":{"line":293,"column":59}},"158":{"start":{"line":295,"column":12},"end":{"line":295,"column":65}},"159":{"start":{"line":296,"column":12},"end":{"line":299,"column":13}},"160":{"start":{"line":297,"column":16},"end":{"line":297,"column":40}},"161":{"start":{"line":298,"column":16},"end":{"line":298,"column":48}},"162":{"start":{"line":301,"column":8},"end":{"line":301,"column":122}},"163":{"start":{"line":302,"column":8},"end":{"line":302,"column":32}},"164":{"start":{"line":305,"column":4},"end":{"line":430,"column":18}},"165":{"start":{"line":306,"column":8},"end":{"line":306,"column":50}},"166":{"start":{"line":307,"column":8},"end":{"line":307,"column":31}},"167":{"start":{"line":308,"column":8},"end":{"line":308,"column":56}},"168":{"start":{"line":309,"column":8},"end":{"line":309,"column":60}},"169":{"start":{"line":310,"column":8},"end":{"line":310,"column":66}},"170":{"start":{"line":311,"column":8},"end":{"line":311,"column":61}},"171":{"start":{"line":312,"column":8},"end":{"line":312,"column":66}},"172":{"start":{"line":313,"column":8},"end":{"line":313,"column":29}},"173":{"start":{"line":315,"column":8},"end":{"line":315,"column":64}},"174":{"start":{"line":317,"column":8},"end":{"line":424,"column":9}},"175":{"start":{"line":318,"column":12},"end":{"line":318,"column":60}},"176":{"start":{"line":319,"column":12},"end":{"line":319,"column":37}},"177":{"start":{"line":320,"column":15},"end":{"line":424,"column":9}},"178":{"start":{"line":321,"column":12},"end":{"line":321,"column":41}},"179":{"start":{"line":322,"column":12},"end":{"line":322,"column":69}},"180":{"start":{"line":323,"column":12},"end":{"line":328,"column":13}},"181":{"start":{"line":324,"column":16},"end":{"line":327,"column":17}},"182":{"start":{"line":325,"column":20},"end":{"line":325,"column":44}},"183":{"start":{"line":326,"column":20},"end":{"line":326,"column":26}},"184":{"start":{"line":329,"column":12},"end":{"line":329,"column":56}},"185":{"start":{"line":330,"column":12},"end":{"line":330,"column":66}},"186":{"start":{"line":331,"column":12},"end":{"line":331,"column":63}},"187":{"start":{"line":332,"column":12},"end":{"line":334,"column":13}},"188":{"start":{"line":333,"column":16},"end":{"line":333,"column":63}},"189":{"start":{"line":335,"column":15},"end":{"line":424,"column":9}},"190":{"start":{"line":337,"column":15},"end":{"line":424,"column":9}},"191":{"start":{"line":338,"column":12},"end":{"line":338,"column":34}},"192":{"start":{"line":339,"column":12},"end":{"line":339,"column":37}},"193":{"start":{"line":340,"column":12},"end":{"line":340,"column":61}},"194":{"start":{"line":341,"column":12},"end":{"line":423,"column":13}},"195":{"start":{"line":342,"column":16},"end":{"line":422,"column":17}},"196":{"start":{"line":344,"column":24},"end":{"line":344,"column":66}},"197":{"start":{"line":345,"column":24},"end":{"line":361,"column":25}},"198":{"start":{"line":346,"column":28},"end":{"line":346,"column":103}},"199":{"start":{"line":347,"column":28},"end":{"line":347,"column":47}},"200":{"start":{"line":348,"column":28},"end":{"line":348,"column":76}},"201":{"start":{"line":349,"column":28},"end":{"line":349,"column":74}},"202":{"start":{"line":350,"column":28},"end":{"line":350,"column":76}},"203":{"start":{"line":351,"column":28},"end":{"line":351,"column":76}},"204":{"start":{"line":352,"column":28},"end":{"line":352,"column":81}},"205":{"start":{"line":353,"column":28},"end":{"line":353,"column":84}},"206":{"start":{"line":354,"column":28},"end":{"line":354,"column":86}},"207":{"start":{"line":355,"column":28},"end":{"line":355,"column":76}},"208":{"start":{"line":357,"column":28},"end":{"line":359,"column":109}},"209":{"start":{"line":360,"column":28},"end":{"line":360,"column":48}},"210":{"start":{"line":362,"column":24},"end":{"line":362,"column":30}},"211":{"start":{"line":364,"column":24},"end":{"line":364,"column":91}},"212":{"start":{"line":365,"column":24},"end":{"line":365,"column":85}},"213":{"start":{"line":366,"column":24},"end":{"line":366,"column":75}},"214":{"start":{"line":367,"column":24},"end":{"line":367,"column":44}},"215":{"start":{"line":368,"column":24},"end":{"line":368,"column":30}},"216":{"start":{"line":370,"column":24},"end":{"line":370,"column":75}},"217":{"start":{"line":371,"column":24},"end":{"line":371,"column":62}},"218":{"start":{"line":372,"column":24},"end":{"line":372,"column":44}},"219":{"start":{"line":373,"column":24},"end":{"line":373,"column":30}},"220":{"start":{"line":375,"column":24},"end":{"line":375,"column":80}},"221":{"start":{"line":376,"column":24},"end":{"line":376,"column":59}},"222":{"start":{"line":377,"column":24},"end":{"line":377,"column":44}},"223":{"start":{"line":378,"column":24},"end":{"line":378,"column":30}},"224":{"start":{"line":380,"column":24},"end":{"line":385,"column":25}},"225":{"start":{"line":381,"column":28},"end":{"line":381,"column":74}},"226":{"start":{"line":384,"column":28},"end":{"line":384,"column":86}},"227":{"start":{"line":386,"column":24},"end":{"line":386,"column":58}},"228":{"start":{"line":387,"column":24},"end":{"line":387,"column":44}},"229":{"start":{"line":388,"column":24},"end":{"line":388,"column":30}},"230":{"start":{"line":390,"column":24},"end":{"line":390,"column":89}},"231":{"start":{"line":391,"column":24},"end":{"line":391,"column":71}},"232":{"start":{"line":392,"column":24},"end":{"line":392,"column":44}},"233":{"start":{"line":393,"column":24},"end":{"line":393,"column":30}},"234":{"start":{"line":395,"column":24},"end":{"line":395,"column":138}},"235":{"start":{"line":396,"column":24},"end":{"line":396,"column":91}},"236":{"start":{"line":397,"column":24},"end":{"line":397,"column":30}},"237":{"start":{"line":399,"column":24},"end":{"line":399,"column":88}},"238":{"start":{"line":400,"column":24},"end":{"line":400,"column":86}},"239":{"start":{"line":401,"column":24},"end":{"line":401,"column":44}},"240":{"start":{"line":402,"column":24},"end":{"line":402,"column":30}},"241":{"start":{"line":404,"column":24},"end":{"line":404,"column":90}},"242":{"start":{"line":405,"column":24},"end":{"line":409,"column":25}},"243":{"start":{"line":406,"column":28},"end":{"line":406,"column":94}},"244":{"start":{"line":407,"column":31},"end":{"line":409,"column":25}},"245":{"start":{"line":410,"column":24},"end":{"line":410,"column":44}},"246":{"start":{"line":411,"column":24},"end":{"line":411,"column":30}},"247":{"start":{"line":413,"column":24},"end":{"line":413,"column":30}},"248":{"start":{"line":415,"column":24},"end":{"line":418,"column":25}},"249":{"start":{"line":417,"column":28},"end":{"line":417,"column":34}},"250":{"start":{"line":420,"colum
[...]
log: function(str) {","        var d = new Date();","        var dt = (d.getMonth() + 1) + \"/\" + d.getDate() + \"/\" + d.getFullYear() + \" \" + d.getHours() + \":\" + d.getMinutes();","        fs.open('/tmp/main.log', 'a', function(err, file) {","            fs.write(file, dt + \":\" + str);","        });","    },","    stream: function(str) {","        var d = new Date();","        var dt = (d.getMonth() + 1) + \"/\" + d.getDate() + \"/\" + d.getFullYear() + \" \" + d.getHours() + \":\" + d.getMinutes();","        fs.open('/tmp/stream.log', 'a', function(err, file) {","            if(!err) {","                fs.write(file, dt + \":\" + str);","            } else {","                console.log(err);","            }","        });","    }","};","","var EventEmitter = require('events').EventEmitter;","","if(process.version == \"v0.2.3\") {","    util = {};","    util.inherits = require('sys').inherits;","} else {","    util = require('util');","}","","/* ProtocolTreeNode -- just a basic representation of a XML node */","","var ProtocolTreeNode = function(tag, attributes, children, data) {","    this.tag = tag;","    this.attributes = attributes;","    this.children = children;","    this.data = data;","}","","ProtocolTreeNode.prototype.toString = function(indent) {","    var out = indent ? \"    \" : \"\";","    out += \"<\" + this.tag;","    if(this.attributes) {","        for(var x in this.attributes) {","            out += \" \" + x + '=\"' + this.attributes[x] + '\"';","        }","    }","    out += \">\\n\";","    if(this.data) {","        out += (indent ? \"        \" : \"    \") + this.data + \"\\n\";","    }","    if(this.children) {","        for(var c in this.children) {","            out += this.children[c].toString({ indent: true });","        }","    }","    out += (indent ? \"    \" : \"\") + \"</\" + this.tag + \">\\n\";","    return out;","}","","ProtocolTreeNode.prototype.tagEquals = function(node, string) {","    return node && node.tag && node.tag === string;","}","","ProtocolTreeNode.prototype.require = function(node, string) {","    if(!this.tagEquals(node, string)) {","        throw(\"failed require. node: \" + node + \" string: \" + string);","    }","}","","ProtocolTreeNode.prototype.getChild = function(identifier) {","    if(!this.children || this.children.length == 0) {","        return undefined;","    }","    if(typeof identifier === \"number\") {","        if(this.children.length > identifier) {","            return this.children[identifier];","        } else {","            return undefined;","        }","    }","    for(var c in this.children) {","        if(identifier === this.children[c].tag) {","            return this.children[c];","        }","    }","    return undefined;","}","","ProtocolTreeNode.prototype.getAttributeValue = function(string) {","    if(!this.attributes) {","        return undefined;","    }","    return this.attributes[string];","}","","ProtocolTreeNode.prototype.getAllChildren = function(tag) {","    var ret = [];","    if(!this.children) {","        return ret;","    }","    if(!tag) {","        return this.children;","    }","    for(var c in this.children) {","        if(tag === this.children[c].tag) {","            ret.push(this.children[c]);","        }","    }","    return ret;","}","","/* BinTreeNodeReader -- give it an input stream, and it should be able to read data into something we can process */","","var BinTreeNodeReader = function(inputstream, dictionary, opt) {","    this.debug = opt ? opt.debug : false;","    this.tokenMap = dictionary;","    this.rawIn = inputstream;","    this.inn = new Buffer(0);","    this.buf = new Buffer(1024);","    this.bufSize = 0;","    this.readSize = 1;","    this.innPointer = 0;","}","","util.inherits(BinTreeNodeReader, EventEmitter);","","BinTreeNodeReader.prototype.streamStart = function() {","    this.rawIn.addListener('data', function dataReceived(data) {","        this.inn = data;","        if(!this.streamStarted) {","            var stanzaSize = this.readInt16();","            var tag = this.readInt8();","            var size = this.readListSize(tag);","            tag = this.inn[this.innPointer++];","            if(tag != 1) {","                throw(\"Expecting tag 1 (STREAM_START) received \" + tag + \": \" + this.getToken(tag));","            }","            var attribCount = (size - 2 + size % 2) / 2;","            var attributes = this.readAttributes(attribCount);","            this.streamStarted = true;","        }","        for(var x = this.innPointer; x < this.inn.length; x++) {","            var next = this.nextTree();","            x = this.innPointer;","        }","        this.innPointer = 0;","        this.inn = new Buffer(\"\");","    }.bind(this));","}","","BinTreeNodeReader.prototype.nextTree = function() {","    var stanzaSize = this.readInt16();","    return this.nextTreeInternal();","}","","BinTreeNodeReader.prototype.nextTreeInternal = function() {","    var node;","    var b = this.readInt8();","    var size = this.readInt8();","    ","    b = this.readInt8();","    if(b == 2) {","        console.log(\"** Stream closed, received tag 2\");","        log.log(\"** Stream closed, received tag 2\");","        log.stream(\"** Stream closed, received tag 2\");","        return undefined;","    }","    var tag = this.readString(b);","    if(size == 0 || !tag) {","        throw(\"nextTree sees 0 list or null tag\");","    }","    var attribCount = (size - 2 + size % 2) / 2;","    attribs = this.readAttributes(attribCount);","    if(size % 2 == 1) {","        node = new ProtocolTreeNode(tag, attribs);","    }","    if(!node) {","        b = this.readInt8();","        if(this.isListTag(b)) {","            node = new ProtocolTreeNode(tag, attribs, this.readList(b));","        }","        if(!node) {","            node = new ProtocolTreeNode(tag, attribs, undefined, this.readString(b));","        }","    }","    ","    switch(node.tag) {","        case \"challenge\":","            this.emit('challenge', node);","            break;","        case \"success\":","            this.emit('loggedin', node);","            break;","        case \"received\": // received is a sub of message, do not pass it on","        case \"notify\": // received is a sub of message, do nto pass it on","        case \"request\": // request is a sub of message, do not pass it on","        case \"media\": // media is a sub of message, do not pass it on","        case \"category\": // category is a sub of presence, perhaps others? who knows","        case \"ping\": // ping is a sub of iq","            break;","        case \"query\": // query xmlns=jabber:iq:last is handled as part of an iq","            if(node.getAttributeValue(\"xmlns\") != \"jabber:iq:last\") {","                this.emit('stanza', node);","            } else {","                break;","            }","        case \"iq\":","            this.emit('iq', node);","            break;","        case \"presence\":","            this.emit('presence', node);","            break;","        case \"message\":","            this.emit('message', node);","            break;","        case \"stream:error\":","            this.emit('streamError', node);","            break;","        default:","            this.emit('stanza', node);","            break;","    }","    log.stream(\"incoming:\\n\" + node);","    return node;","}","","BinTreeNodeReader.prototype.isListTag = function(b) {","    return b == 248 || b == 0 || b == 249;","}","","BinTreeNodeReader.prototype.readList = function(token) {","    var size = this.readListSize(token);","    var listx = [];","    for(var i = 0; i < size; i ++) {","        listx.push(this.nextTreeInternal());","    }","    return listx;","}","","BinTreeNodeReader.prototype.readInt8 = function() {","    return this.inn[this.innPointer++];","}","","BinTreeNodeReader.prototype.readInt16 = function() {","    //return this.readInt8() + this.readInt8();","    var a = this.readInt8();","    var b = this.readInt8();","    return (a << 8) + b;","}","","BinTreeNodeReader.prototype.readInt24 = function() {","    var a = this.readInt8();","    var b = this.readInt8();","    var c = this.readInt8();","    //console.log(\"readInt24: \" + a + \",\" + b + \",\" + c + \"=\" + (a+b+c));","    //console.log(\"shift: \" + ((a << 16) + (b << 8) + c));","    //return this.readInt8() + this.readInt8() + this.readInt8();","    return (a << 16) + (b << 8) + c;","}","","BinTreeNodeReader.prototype.readListSize = function(token) {","    var size = 0;","    if(token == 0) {","        size = 0;","    } else {","        if(token == 248) {","            size = this.readInt8();","        } else {","            if(token == 249) {","                size = this.readInt16();","            } else {","                throw(\"invalid list size in readListSize token \" + token);","            }","        }","    }","    return size;","}","","BinTreeNodeReader.prototype.fillBuffer = function(size) {","    this.innPointer += size;","}","","BinTreeNodeReader.prototype.readAttributes = function(attribCount) {","    var attribs = { };","    for(var i = 0; i < attribCount; i++) {","        var key = this.readString(this.readInt8());","        var value = this.readString(this.readInt8());","        attribs[key] = value;","    }","    return attribs;","}","","BinTreeNodeReader.prototype.getToken = function(token) {","    if(token >= 0 && token < this.tokenMap.length) {","        var ret = this.tokenMap[token];","    } else {","        throw(\"invalid token/length in getToken \" + token);","    }","    return ret;","}","","BinTreeNodeReader.prototype.readString = function(token) {","    if(token == -1) {","        throw(\"-1 token in readString\");","    }","    if(token > 0 && token < 245) {","        return this.getToken(token);","    }","    if(token == 0) {","        return undefined;","    }","    if(token == 252) {","        var size8 = this.readInt8();","        var buf8 = this.inn.slice(this.innPointer, this.innPointer + size8);","        this.innPointer += size8;","        return buf8.toString(\"ascii\");","    }","    if(token == 253) {","        try {","            var size24 = this.readInt24();","            var buf24 = this.inn.slice(this.innPointer, this.innPointer + size24);","            console.log(\"24bit read, size24=\" + size24 + \" inn.length=\" + this.inn.length + \" innPointer=\" + this.innPointer);","            this.innPointer += size24;","            return buf24.toString(\"ascii\");","        } catch(err) {","            return \"Bad Buf24 read, size24=\" + size24 + \" inn.length=\" + this.inn.length + \" innPointer=\" + this.innPointer;","        }","    }","    if(token == 254) {","        token = this.readInt8();","        return this.getToken(245 + token);","    }","    if(token == 250) {","        var user = this.readString(this.readInt8());","        var server = this.readString(this.readInt8());","        if(user && server) {","            return user + \"@\" + server;","        } else if(server) {","            return server;","        } else {","            throw(\"readString couldn't reconstruct jid\");","        }","    }","    throw(\"readString couldn't match token \" + token);","}","","/* BinTreeNodeWriter -- this should output junk to our output stream */","","var BinTreeNodeWriter = function(outputstream, dictionary, opt) {","    this.debug = opt ? opt.debug : false;","    this.realOut = outputstream;","    this.tokenMap = {};","    this.out = new Buffer(\"\");","    for(var i = 0; i < dictionary.length; i++) {","        if(dictionary[i]) {","            this.tokenMap[dictionary[i]] = i;","        }","    }","}","","BinTreeNodeWriter.prototype.streamStart = function(domain, resource) {","    //var out = new Buffer(\"WA\\x01\\x00\", \"binary\");","    var out = new Buffer(\"WA\\x01\\x01\", \"binary\");","    this.realOut.write(out);","    ","    var node = new ProtocolTreeNode(\"stream:stream\", { \"to\": domain, \"resource\": resource } );","    this.write(node);","}","","BinTreeNodeWriter.prototype.writeListStart = function(i) {","    if(i == 0) {","        return new Buffer(\"\\x00\");","    } else if(i < 256) {","        return new Buffer(\"\\xf8\" + this.writeInt8(i).toString(\"binary\"), \"binary\");","    } else {","        return new Buffer(\"\\xf9\" + this.writeInt16(i).toString(\"binary\"), \"binary\");","    }","}","","BinTreeNodeWriter.prototype.writeJid = function(user, server) {","    var x = Buffer(\"\\xFA\" + (user ? this.writeString(user) : this.writeToken(0)).toString(\"binary\") + this.writeString(server).toString(\"binary\"), \"binary\");","    return x.toString(\"binary\");","}","","BinTreeNodeWriter.prototype.writeAttributes = function(attributes) {","    var buf = new Buffer(\"\");","    if(attributes) {","        for(var x in attributes) {","            //console.log(\"writing attribute \" + x + \":\" + attributes[x]);","            var key = this.writeString(x);","            var val = this.writeString(attributes[x]);","            buf = new Buffer(buf.toString(\"binary\") + key.toString(\"binary\") + val.toString(\"binary\"), \"binary\");","        }","    }","    return buf;","}","","BinTreeNodeWriter.prototype.writeString = function(tag) {","    //console.log(\"writeString: \" + tag);","    var key = this.tokenMap[tag];","    if(key) {","        return this.writeToken(key);","    } else {","        var atIndex = tag ? tag.indexOf('@') : -1;","        if(atIndex < 1) {","            return this.writeBytes(tag);","        } else {","            var server = tag.substring(atIndex+1, tag.length);","            var user = tag.substring(0, atIndex);","            return this.writeJid(user, server);","        }","    }","}","","BinTreeNodeWriter.prototype.writeToken = function(intValue) {","    if(intValue < 245) {","        return this.writeInt8(intValue);","    } else if(intValue <= 500) {","        return new Buffer(\"\\xFE\" + this.writeInt8(intValue - 245).toString(\"binary\"), \"binary\");","    }","}","","BinTreeNodeWriter.prototype.writeBytes = function(bytes) {","    var length = bytes ? bytes.length : 0;","    var buf;","    if(length >= 256) {","        buf = new Buffer(\"\\xfd\" + this.writeInt24(length).toString(\"binary\"), \"binary\"); // 253","    } else {","        buf = new Buffer(\"\\xfc\" + this.writeInt8(length).toString(\"binary\"), \"binary\"); // 252","    }","    buf = new Buffer(buf.toString(\"binary\") + bytes, \"binary\");","    return buf;","}","","BinTreeNodeWriter.prototype.write = function(node, needsFlush) {","    if(!node) {","        this.writeInt8(0);","    } else {","        this.writeInternal(node);","    }","    this.flushBuffer();","}","","BinTreeNodeWriter.prototype.writeInternal = function(node) {","    if(node.tag == undefined) {","        console.log(\"writeInternal: *** WTF, node.tag is undefined, node=\" + JSON.stringify(node));","    }","    log.stream(\"outgoing:\\n\" + node);","    var attlength = 0;","    if(node.attributes) {","        for(var x in node.attributes) {","            if(node.attributes.hasOwnProperty(x))","                attlength++;","        }","    }","    var x = 1 + (node.attributes ? attlength * 2 : 0) + (node.children ? 1 : 0) + (node.data ? 1 : 0);","    ","    var liststart = this.writeListStart(x);","    ","    var tagstring = this.writeString(node.tag);","    ","    var attrib = this.writeAttributes(node.attributes);","     ","    this.out = new Buffer(this.out.toString(\"binary\") + liststart.toString(\"binary\") + tagstring.toString(\"binary\") + attrib.toString(\"binary\"), \"binary\");","    if(node.data) {","        this.out = new Buffer(this.out.toString(\"binary\") + this.writeBytes(node.data).toString(\"binary\"), \"binary\");","    }","    if(node.children) {","        this.out = new Buffer(this.out.toString(\"binary\") + this.writeListStart(node.children.length).toString(\"binary\"), \"binary\");","        for(var c in node.children) {","            //console.log(\"writing internal child \" + JSON.stringify(node.children[c]));","            this.writeInternal(node.children[c]);","        }","    }","}","","BinTreeNodeWriter.prototype.flushBuffer = function() {","    var size = this.out.length;","    var x = this.writeInt16(size);","    var buf = new Buffer(x.toString(\"binary\") + this.out.toString(\"binary\"), \"binary\");","    if(this.debug) {","        var out = \"\";","        for(var i = 0; i < buf.length; i++) {","            out += buf[i] + \" \";","        }","        console.log(\"writing buffer of size \" + size);","        console.log(buf.toString(\"ascii\"));","    }","    this.realOut.write(buf, \"binary\");","    this.out = new Buffer(\"\");","}","","BinTreeNodeWriter.prototype.writeInt8 = function(v) {","    return new Buffer(\"\" + String.fromCharCode(v), \"binary\");","}","","BinTreeNodeWriter.prototype.writeInt16 = function(v) {","    return new Buffer(this.writeInt8( (v >> 8) & 0xFF).toString(\"binary\") + this.writeInt8(v & 0xFF).toString(\"binary\"), \"binary\");","}","","BinTreeNodeWriter.prototype.writeInt24 = function(v) {","    return new Buffer(this.writeInt8( (v >> 16) & 0xFF).toString(\"binary\") + this.writeInt8( (v >> 8) & 0xFF).toString(\"binary\") + this.writeInt8(v & 0xFF).toString(\"binary\"), \"binary\");","}","","exports.ProtocolTreeNode = ProtocolTreeNode;","exports.BinTreeNodeReader = BinTreeNodeReader;","exports.BinTreeNodeWriter = BinTreeNodeWriter;","exports.log = log;"],"l":{"1":1,"3":1,"5":0,"6":0,"7":0,"8":0,"12":0,"13":0,"14":0,"15":0,"16":0,"18":0,"24":1,"26":1,"27":0,"28":0,"30":1,"35":1,"36":0,"37":0,"38":0,"39":0,"42":1,"43":0,"44":0,"45":0,"46":0,"47":0,"50":0,"51":0,"52":0,"54":0,"55":0,"56":0,"59":0,"60":0,"63":1,"64":0,"67":1,"68":0,"69":0,"73":1,"74":0,"75":0,"77":0,"78":0,"79":0,"81":0,"84":0,"85":0,"86":0,"89":0,"92":1,"93":0,"94":0,"96":0,"99":1,"100":0,"101":0,"102":0,"104":0,"105":0,"107":0,"108":0,"109":0,"112":0,"117":1,"118":0,"119":0,"120":0,"121":0,"122":0,"123":0,"124":0,"125":0,"128":1,"130":1,"131":0,"132":0,"133":0,"134":0,"135":0,"136":0,"137":0,"138":0,"139":0,"141":0,"142":0,"143":0,"145":0,"146":0,"147":0,"149":0,"150":0,"154":1,"155":0,"156":0,"159":1,"160":0,"161":0,"162":0,"164":0,"165":0,"166":0,"167":0,"168":0,"169":0,"171":0,"172":0,"173":0,"175":0,"176":0,"177":0,"178":0,"180":0,"181":0,"182":0,"183":0,"185":0,"186":0,"190":0,"192":0,"193":0,"195":0,"196":0,"203":0,"205":0,"206":0,"208":0,"211":0,"212":0,"214":0,"215":0,"217":0,"218":0,"220":0,"221":0,"223":0,"224":0,"226":0,"227":0,"230":1,"231":0,"234":1,"235":0,"236":0,"237":0,"238":0,"240":0,"243":1,"244":0,"247":1,"249":0,"250":0,"251":0,"254":1,"255":0,"256":0,"257":0,"261":0,"264":1,"265":0,"266":0,"267":0,"269":0,"270":0,"272":0,"273":0,"275":0,"279":0,"282":1,"283":0,"286":1,"287":0,"288":0,"289":0,"290":0,"291":0,"293":0,"296":1,"297":0,"298":0,"300":0,"302":0,"305":1,"306":0,"307":0,"309":0,"310":0,"312":0,"313":0,"315":0,"316":0,"317":0,"318":0,"319":0,"321":0,"322":0,"323":0,"324":0,"325":0,"326":0,"327":0,"329":0,"332":0,"333":0,"334":0,"336":0,"337":0,"338":0,"339":0,"340":0,"341":0,"342":0,"344":0,"347":0,"352":1,"353":0,"354":0,"355":0,"356":0,"357":0,"358":0,"359":0,"364":1,"366":0,"367":0,"369":0,"370":0,"373":1,"374":0,"375":0,"376":0,"377":0,"379":0,"383":1,"384":0,"385":0,"388":1,"389":0,"390":0,"391":0,"393":0,"394":0,"395":0,"398":0,"401":1,"403":0,"404":0,"405":0,"407":0,"408":0,"409":0,"411":0,"412":0,"413":0,"418":1,"419":0,"420":0,"421":0,"422":0,"426":1,"427":0,"428":0,"429":0,"430":0,"432":0,"434":0,"435":0,"438":1,"439":0,"440":0,"442":0,"444":0,"447":1,"448":0,"449":0,"451":0,"452":0,"453":0,"454":0,"455":0,"456":0,"459":0,"461":0,"463":0,"465":0,"467":0,"468":0,"469":0,"471":0,"472":0,"473":0,"475":0,"480":1,"481":0,"482":0,"483":0,"484":0,"485":0,"486":0,"487":0,"489":0,"490":0,"492":0,"493":0,"496":1,"497":0,"500":1,"501":0,"504":1,"505":0,"508":1,"509":1,"510":1,"511":1}}}